[0.296s] Invoking command in '/home/jingyan/fishbot_ws/build/fishbot_navigation2': /usr/bin/cmake /home/jingyan/fishbot_ws/fishbot_navigation2 -DCMAKE_INSTALL_PREFIX=/home/jingyan/fishbot_ws/install/fishbot_navigation2
[0.501s] -- The C compiler identification is GNU 9.4.0
[0.666s] -- The CXX compiler identification is GNU 9.4.0
[0.677s] -- Check for working C compiler: /usr/bin/cc
[0.761s] -- Check for working C compiler: /usr/bin/cc -- works
[0.764s] -- Detecting C compiler ABI info
[0.856s] -- Detecting C compiler ABI info - done
[0.870s] -- Detecting C compile features
[0.870s] -- Detecting C compile features - done
[0.873s] -- Check for working CXX compiler: /usr/bin/c++
[0.964s] -- Check for working CXX compiler: /usr/bin/c++ -- works
[0.966s] -- Detecting CXX compiler ABI info
[1.064s] -- Detecting CXX compiler ABI info - done
[1.073s] -- Detecting CXX compile features
[1.074s] -- Detecting CXX compile features - done
[1.076s] -- Found ament_cmake: 0.9.11 (/opt/ros/foxy/share/ament_cmake/cmake)
[1.110s] -- Found PythonInterp: /usr/bin/python3 (found suitable version "3.8.10", minimum required is "3") 
[1.110s] -- Using PYTHON_EXECUTABLE: /usr/bin/python3
[1.322s] -- Found nav2_bringup: 0.4.7 (/opt/ros/foxy/share/nav2_bringup/cmake)
[1.325s] -- Found ament_lint_auto: 0.9.7 (/opt/ros/foxy/share/ament_lint_auto/cmake)
[1.371s] Error parsing '/home/jingyan/fishbot_ws/fishbot_navigation2/package.xml':
[1.535s] Traceback (most recent call last):
[1.536s]   File "/opt/ros/foxy/share/ament_cmake_core/cmake/core/package_xml_2_cmake.py", line 143, in <module>
[1.536s]     main()
[1.536s]   File "/opt/ros/foxy/share/ament_cmake_core/cmake/core/package_xml_2_cmake.py", line 52, in main
[1.536s]     raise e
[1.536s]   File "/opt/ros/foxy/share/ament_cmake_core/cmake/core/package_xml_2_cmake.py", line 48, in main
[1.536s]     package = parse_package_string(
[1.536s]   File "/usr/lib/python3/dist-packages/catkin_pkg/package.py", line 786, in parse_package_string
[1.536s]     raise InvalidPackage('Error(s):%s' % (''.join(['\n- %s' % e for e in errors])), filename)
[1.536s] catkin_pkg.package.InvalidPackage: Error(s) in package '/home/jingyan/fishbot_ws/fishbot_navigation2/package.xml':
[1.536s] Error(s):
[1.536s] - The generic dependency on 'nav2_bringup' is redundant with: exec_depend
[1.559s] CMake Error at /opt/ros/foxy/share/ament_cmake_core/cmake/core/ament_package_xml.cmake:94 (message):
[1.559s]   execute_process(/usr/bin/python3
[1.559s]   /opt/ros/foxy/share/ament_cmake_core/cmake/core/package_xml_2_cmake.py
[1.559s]   /home/jingyan/fishbot_ws/fishbot_navigation2/package.xml
[1.559s]   /home/jingyan/fishbot_ws/build/fishbot_navigation2/ament_cmake_core/package.cmake)
[1.559s]   returned error code 1
[1.559s] Call Stack (most recent call first):
[1.559s]   /opt/ros/foxy/share/ament_cmake_core/cmake/core/ament_package_xml.cmake:49 (_ament_package_xml)
[1.559s]   /opt/ros/foxy/share/ament_lint_auto/cmake/ament_lint_auto_find_test_dependencies.cmake:31 (ament_package_xml)
[1.560s]   CMakeLists.txt:33 (ament_lint_auto_find_test_dependencies)
[1.560s] 
[1.560s] 
[1.560s] -- Configuring incomplete, errors occurred!
[1.560s] See also "/home/jingyan/fishbot_ws/build/fishbot_navigation2/CMakeFiles/CMakeOutput.log".
[1.565s] Invoked command in '/home/jingyan/fishbot_ws/build/fishbot_navigation2' returned '1': /usr/bin/cmake /home/jingyan/fishbot_ws/fishbot_navigation2 -DCMAKE_INSTALL_PREFIX=/home/jingyan/fishbot_ws/install/fishbot_navigation2
