[0.025s] Invoking command in '/home/jingyan/fishbot_ws/build/fishbot_cartographer': CMAKE_PREFIX_PATH=/opt/ros/foxy /usr/bin/cmake --build /home/jingyan/fishbot_ws/build/fishbot_cartographer -- -j16 -l16
[0.294s] Invoked command in '/home/jingyan/fishbot_ws/build/fishbot_cartographer' returned '0': CMAKE_PREFIX_PATH=/opt/ros/foxy /usr/bin/cmake --build /home/jingyan/fishbot_ws/build/fishbot_cartographer -- -j16 -l16
[0.329s] Invoking command in '/home/jingyan/fishbot_ws/build/fishbot_cartographer': CMAKE_PREFIX_PATH=/opt/ros/foxy /usr/bin/cmake --install /home/jingyan/fishbot_ws/build/fishbot_cartographer
[0.341s] -- Install configuration: ""
[0.341s] -- Up-to-date: /home/jingyan/fishbot_ws/install/fishbot_cartographer/share/fishbot_cartographer/config
[0.341s] -- Installing: /home/jingyan/fishbot_ws/install/fishbot_cartographer/share/fishbot_cartographer/config/fishbot_2d.lua
[0.342s] -- Up-to-date: /home/jingyan/fishbot_ws/install/fishbot_cartographer/share/fishbot_cartographer/launch
[0.342s] -- Up-to-date: /home/jingyan/fishbot_ws/install/fishbot_cartographer/share/fishbot_cartographer/launch/cartographer.launch.py
[0.342s] -- Up-to-date: /home/jingyan/fishbot_ws/install/fishbot_cartographer/share/fishbot_cartographer/rviz
[0.342s] -- Up-to-date: /home/jingyan/fishbot_ws/install/fishbot_cartographer/share/ament_index/resource_index/package_run_dependencies/fishbot_cartographer
[0.342s] -- Up-to-date: /home/jingyan/fishbot_ws/install/fishbot_cartographer/share/ament_index/resource_index/parent_prefix_path/fishbot_cartographer
[0.343s] -- Up-to-date: /home/jingyan/fishbot_ws/install/fishbot_cartographer/share/fishbot_cartographer/environment/ament_prefix_path.sh
[0.343s] -- Up-to-date: /home/jingyan/fishbot_ws/install/fishbot_cartographer/share/fishbot_cartographer/environment/ament_prefix_path.dsv
[0.343s] -- Up-to-date: /home/jingyan/fishbot_ws/install/fishbot_cartographer/share/fishbot_cartographer/environment/path.sh
[0.343s] -- Up-to-date: /home/jingyan/fishbot_ws/install/fishbot_cartographer/share/fishbot_cartographer/environment/path.dsv
[0.343s] -- Up-to-date: /home/jingyan/fishbot_ws/install/fishbot_cartographer/share/fishbot_cartographer/local_setup.bash
[0.343s] -- Up-to-date: /home/jingyan/fishbot_ws/install/fishbot_cartographer/share/fishbot_cartographer/local_setup.sh
[0.344s] -- Up-to-date: /home/jingyan/fishbot_ws/install/fishbot_cartographer/share/fishbot_cartographer/local_setup.zsh
[0.344s] -- Up-to-date: /home/jingyan/fishbot_ws/install/fishbot_cartographer/share/fishbot_cartographer/local_setup.dsv
[0.344s] -- Installing: /home/jingyan/fishbot_ws/install/fishbot_cartographer/share/fishbot_cartographer/package.dsv
[0.344s] -- Up-to-date: /home/jingyan/fishbot_ws/install/fishbot_cartographer/share/ament_index/resource_index/packages/fishbot_cartographer
[0.344s] -- Up-to-date: /home/jingyan/fishbot_ws/install/fishbot_cartographer/share/fishbot_cartographer/cmake/fishbot_cartographerConfig.cmake
[0.345s] -- Up-to-date: /home/jingyan/fishbot_ws/install/fishbot_cartographer/share/fishbot_cartographer/cmake/fishbot_cartographerConfig-version.cmake
[0.345s] -- Up-to-date: /home/jingyan/fishbot_ws/install/fishbot_cartographer/share/fishbot_cartographer/package.xml
[0.348s] Invoked command in '/home/jingyan/fishbot_ws/build/fishbot_cartographer' returned '0': CMAKE_PREFIX_PATH=/opt/ros/foxy /usr/bin/cmake --install /home/jingyan/fishbot_ws/build/fishbot_cartographer
