[0.432s] DEBUG:colcon:Command line arguments: ['/usr/bin/colcon', 'build']
[0.432s] DEBUG:colcon:Parsed command line arguments: Namespace(allow_overriding=[], ament_cmake_args=None, base_paths=['.'], build_base='build', catkin_cmake_args=None, catkin_skip_building_tests=False, cmake_args=None, cmake_clean_cache=False, cmake_clean_first=False, cmake_force_configure=False, cmake_target=None, cmake_target_skip_unavailable=False, continue_on_error=False, event_handlers=None, executor='parallel', ignore_user_meta=False, install_base='install', log_base=None, log_level=None, main=<bound method BuildVerb.main of <colcon_core.verb.build.BuildVerb object at 0x7fb09c441820>>, merge_install=False, metas=['./colcon.meta'], packages_above=None, packages_above_and_dependencies=None, packages_above_depth=None, packages_end=None, packages_ignore=None, packages_ignore_regex=None, packages_select=None, packages_select_build_failed=False, packages_select_by_dep=None, packages_select_regex=None, packages_select_test_failures=False, packages_skip=None, packages_skip_build_finished=False, packages_skip_by_dep=None, packages_skip_regex=None, packages_skip_test_passed=False, packages_skip_up_to=None, packages_start=None, packages_up_to=None, packages_up_to_regex=None, parallel_workers=16, paths=None, symlink_install=False, test_result_base=None, verb_extension=<colcon_core.verb.build.BuildVerb object at 0x7fb09c441820>, verb_name='build', verb_parser=<colcon_defaults.argument_parser.defaults.DefaultArgumentsDecorator object at 0x7fb09c2dab80>)
[0.682s] Level 1:colcon.colcon_core.package_discovery:discover_packages(colcon_meta) check parameters
[0.682s] Level 1:colcon.colcon_core.package_discovery:discover_packages(recursive) check parameters
[0.682s] Level 1:colcon.colcon_core.package_discovery:discover_packages(ignore) check parameters
[0.682s] Level 1:colcon.colcon_core.package_discovery:discover_packages(path) check parameters
[0.682s] Level 1:colcon.colcon_core.package_discovery:discover_packages(colcon_meta) discover
[0.683s] Level 1:colcon.colcon_core.package_discovery:discover_packages(recursive) discover
[0.683s] INFO:colcon.colcon_core.package_discovery:Crawling recursively for packages in '/home/jingyan/fishbot_ws'
[0.683s] Level 1:colcon.colcon_core.package_identification:_identify(.) by extensions ['ignore', 'ignore_ament_install']
[0.683s] Level 1:colcon.colcon_core.package_identification:_identify(.) by extension 'ignore'
[0.683s] Level 1:colcon.colcon_core.package_identification:_identify(.) by extension 'ignore_ament_install'
[0.683s] Level 1:colcon.colcon_core.package_identification:_identify(.) by extensions ['colcon_pkg']
[0.683s] Level 1:colcon.colcon_core.package_identification:_identify(.) by extension 'colcon_pkg'
[0.683s] Level 1:colcon.colcon_core.package_identification:_identify(.) by extensions ['colcon_meta']
[0.683s] Level 1:colcon.colcon_core.package_identification:_identify(.) by extension 'colcon_meta'
[0.683s] Level 1:colcon.colcon_core.package_identification:_identify(.) by extensions ['ros']
[0.683s] Level 1:colcon.colcon_core.package_identification:_identify(.) by extension 'ros'
[0.700s] Level 1:colcon.colcon_core.package_identification:_identify(.) by extensions ['cmake', 'python']
[0.700s] Level 1:colcon.colcon_core.package_identification:_identify(.) by extension 'cmake'
[0.700s] Level 1:colcon.colcon_core.package_identification:_identify(.) by extension 'python'
[0.700s] Level 1:colcon.colcon_core.package_identification:_identify(.) by extensions ['python_setup_py']
[0.701s] Level 1:colcon.colcon_core.package_identification:_identify(.) by extension 'python_setup_py'
[0.701s] Level 1:colcon.colcon_core.package_identification:_identify(build) by extensions ['ignore', 'ignore_ament_install']
[0.701s] Level 1:colcon.colcon_core.package_identification:_identify(build) by extension 'ignore'
[0.701s] Level 1:colcon.colcon_core.package_identification:_identify(build) ignored
[0.701s] Level 1:colcon.colcon_core.package_identification:_identify(fishbot_cartographer) by extensions ['ignore', 'ignore_ament_install']
[0.701s] Level 1:colcon.colcon_core.package_identification:_identify(fishbot_cartographer) by extension 'ignore'
[0.701s] Level 1:colcon.colcon_core.package_identification:_identify(fishbot_cartographer) by extension 'ignore_ament_install'
[0.701s] Level 1:colcon.colcon_core.package_identification:_identify(fishbot_cartographer) by extensions ['colcon_pkg']
[0.701s] Level 1:colcon.colcon_core.package_identification:_identify(fishbot_cartographer) by extension 'colcon_pkg'
[0.701s] Level 1:colcon.colcon_core.package_identification:_identify(fishbot_cartographer) by extensions ['colcon_meta']
[0.701s] Level 1:colcon.colcon_core.package_identification:_identify(fishbot_cartographer) by extension 'colcon_meta'
[0.701s] Level 1:colcon.colcon_core.package_identification:_identify(fishbot_cartographer) by extensions ['ros']
[0.702s] Level 1:colcon.colcon_core.package_identification:_identify(fishbot_cartographer) by extension 'ros'
[0.706s] DEBUG:colcon.colcon_core.package_identification:Package 'fishbot_cartographer' with type 'ros.ament_cmake' and name 'fishbot_cartographer'
[0.707s] Level 1:colcon.colcon_core.package_identification:_identify(fishbot_description) by extensions ['ignore', 'ignore_ament_install']
[0.707s] Level 1:colcon.colcon_core.package_identification:_identify(fishbot_description) by extension 'ignore'
[0.707s] Level 1:colcon.colcon_core.package_identification:_identify(fishbot_description) by extension 'ignore_ament_install'
[0.707s] Level 1:colcon.colcon_core.package_identification:_identify(fishbot_description) by extensions ['colcon_pkg']
[0.707s] Level 1:colcon.colcon_core.package_identification:_identify(fishbot_description) by extension 'colcon_pkg'
[0.707s] Level 1:colcon.colcon_core.package_identification:_identify(fishbot_description) by extensions ['colcon_meta']
[0.707s] Level 1:colcon.colcon_core.package_identification:_identify(fishbot_description) by extension 'colcon_meta'
[0.707s] Level 1:colcon.colcon_core.package_identification:_identify(fishbot_description) by extensions ['ros']
[0.707s] Level 1:colcon.colcon_core.package_identification:_identify(fishbot_description) by extension 'ros'
[0.708s] DEBUG:colcon.colcon_core.package_identification:Package 'fishbot_description' with type 'ros.ament_python' and name 'fishbot_description'
[0.708s] Level 1:colcon.colcon_core.package_identification:_identify(fishbot_navigation2) by extensions ['ignore', 'ignore_ament_install']
[0.708s] Level 1:colcon.colcon_core.package_identification:_identify(fishbot_navigation2) by extension 'ignore'
[0.708s] Level 1:colcon.colcon_core.package_identification:_identify(fishbot_navigation2) by extension 'ignore_ament_install'
[0.708s] Level 1:colcon.colcon_core.package_identification:_identify(fishbot_navigation2) by extensions ['colcon_pkg']
[0.709s] Level 1:colcon.colcon_core.package_identification:_identify(fishbot_navigation2) by extension 'colcon_pkg'
[0.709s] Level 1:colcon.colcon_core.package_identification:_identify(fishbot_navigation2) by extensions ['colcon_meta']
[0.709s] Level 1:colcon.colcon_core.package_identification:_identify(fishbot_navigation2) by extension 'colcon_meta'
[0.709s] Level 1:colcon.colcon_core.package_identification:_identify(fishbot_navigation2) by extensions ['ros']
[0.709s] Level 1:colcon.colcon_core.package_identification:_identify(fishbot_navigation2) by extension 'ros'
[0.710s] DEBUG:colcon.colcon_core.package_identification:Package 'fishbot_navigation2' with type 'ros.ament_cmake' and name 'fishbot_navigation2'
[0.710s] Level 1:colcon.colcon_core.package_identification:_identify(install) by extensions ['ignore', 'ignore_ament_install']
[0.710s] Level 1:colcon.colcon_core.package_identification:_identify(install) by extension 'ignore'
[0.710s] Level 1:colcon.colcon_core.package_identification:_identify(install) ignored
[0.710s] Level 1:colcon.colcon_core.package_identification:_identify(log) by extensions ['ignore', 'ignore_ament_install']
[0.710s] Level 1:colcon.colcon_core.package_identification:_identify(log) by extension 'ignore'
[0.710s] Level 1:colcon.colcon_core.package_identification:_identify(log) ignored
[0.710s] Level 1:colcon.colcon_core.package_discovery:discover_packages(recursive) using defaults
[0.710s] Level 1:colcon.colcon_core.package_discovery:discover_packages(ignore) discover
[0.710s] Level 1:colcon.colcon_core.package_discovery:discover_packages(ignore) using defaults
[0.710s] Level 1:colcon.colcon_core.package_discovery:discover_packages(path) discover
[0.710s] Level 1:colcon.colcon_core.package_discovery:discover_packages(path) using defaults
[0.740s] Level 1:colcon.colcon_core.package_discovery:discover_packages(prefix_path) check parameters
[0.741s] Level 1:colcon.colcon_core.package_discovery:discover_packages(prefix_path) discover
[0.744s] DEBUG:colcon.colcon_installed_package_information.package_discovery:Found 3 installed packages in /home/jingyan/fishbot_ws/install
[0.746s] DEBUG:colcon.colcon_installed_package_information.package_discovery:Found 302 installed packages in /opt/ros/foxy
[0.748s] Level 1:colcon.colcon_core.package_discovery:discover_packages(prefix_path) using defaults
[0.837s] Level 5:colcon.colcon_core.verb:set package 'fishbot_cartographer' build argument 'cmake_args' from command line to 'None'
[0.837s] Level 5:colcon.colcon_core.verb:set package 'fishbot_cartographer' build argument 'cmake_target' from command line to 'None'
[0.837s] Level 5:colcon.colcon_core.verb:set package 'fishbot_cartographer' build argument 'cmake_target_skip_unavailable' from command line to 'False'
[0.837s] Level 5:colcon.colcon_core.verb:set package 'fishbot_cartographer' build argument 'cmake_clean_cache' from command line to 'False'
[0.837s] Level 5:colcon.colcon_core.verb:set package 'fishbot_cartographer' build argument 'cmake_clean_first' from command line to 'False'
[0.837s] Level 5:colcon.colcon_core.verb:set package 'fishbot_cartographer' build argument 'cmake_force_configure' from command line to 'False'
[0.837s] Level 5:colcon.colcon_core.verb:set package 'fishbot_cartographer' build argument 'ament_cmake_args' from command line to 'None'
[0.838s] Level 5:colcon.colcon_core.verb:set package 'fishbot_cartographer' build argument 'catkin_cmake_args' from command line to 'None'
[0.838s] Level 5:colcon.colcon_core.verb:set package 'fishbot_cartographer' build argument 'catkin_skip_building_tests' from command line to 'False'
[0.838s] DEBUG:colcon.colcon_core.verb:Building package 'fishbot_cartographer' with the following arguments: {'ament_cmake_args': None, 'build_base': '/home/jingyan/fishbot_ws/build/fishbot_cartographer', 'catkin_cmake_args': None, 'catkin_skip_building_tests': False, 'cmake_args': None, 'cmake_clean_cache': False, 'cmake_clean_first': False, 'cmake_force_configure': False, 'cmake_target': None, 'cmake_target_skip_unavailable': False, 'install_base': '/home/jingyan/fishbot_ws/install/fishbot_cartographer', 'merge_install': False, 'path': '/home/jingyan/fishbot_ws/fishbot_cartographer', 'symlink_install': False, 'test_result_base': None}
[0.839s] Level 5:colcon.colcon_core.verb:set package 'fishbot_description' build argument 'cmake_args' from command line to 'None'
[0.839s] Level 5:colcon.colcon_core.verb:set package 'fishbot_description' build argument 'cmake_target' from command line to 'None'
[0.839s] Level 5:colcon.colcon_core.verb:set package 'fishbot_description' build argument 'cmake_target_skip_unavailable' from command line to 'False'
[0.839s] Level 5:colcon.colcon_core.verb:set package 'fishbot_description' build argument 'cmake_clean_cache' from command line to 'False'
[0.839s] Level 5:colcon.colcon_core.verb:set package 'fishbot_description' build argument 'cmake_clean_first' from command line to 'False'
[0.839s] Level 5:colcon.colcon_core.verb:set package 'fishbot_description' build argument 'cmake_force_configure' from command line to 'False'
[0.839s] Level 5:colcon.colcon_core.verb:set package 'fishbot_description' build argument 'ament_cmake_args' from command line to 'None'
[0.839s] Level 5:colcon.colcon_core.verb:set package 'fishbot_description' build argument 'catkin_cmake_args' from command line to 'None'
[0.839s] Level 5:colcon.colcon_core.verb:set package 'fishbot_description' build argument 'catkin_skip_building_tests' from command line to 'False'
[0.839s] DEBUG:colcon.colcon_core.verb:Building package 'fishbot_description' with the following arguments: {'ament_cmake_args': None, 'build_base': '/home/jingyan/fishbot_ws/build/fishbot_description', 'catkin_cmake_args': None, 'catkin_skip_building_tests': False, 'cmake_args': None, 'cmake_clean_cache': False, 'cmake_clean_first': False, 'cmake_force_configure': False, 'cmake_target': None, 'cmake_target_skip_unavailable': False, 'install_base': '/home/jingyan/fishbot_ws/install/fishbot_description', 'merge_install': False, 'path': '/home/jingyan/fishbot_ws/fishbot_description', 'symlink_install': False, 'test_result_base': None}
[0.840s] Level 5:colcon.colcon_core.verb:set package 'fishbot_navigation2' build argument 'cmake_args' from command line to 'None'
[0.840s] Level 5:colcon.colcon_core.verb:set package 'fishbot_navigation2' build argument 'cmake_target' from command line to 'None'
[0.840s] Level 5:colcon.colcon_core.verb:set package 'fishbot_navigation2' build argument 'cmake_target_skip_unavailable' from command line to 'False'
[0.840s] Level 5:colcon.colcon_core.verb:set package 'fishbot_navigation2' build argument 'cmake_clean_cache' from command line to 'False'
[0.840s] Level 5:colcon.colcon_core.verb:set package 'fishbot_navigation2' build argument 'cmake_clean_first' from command line to 'False'
[0.840s] Level 5:colcon.colcon_core.verb:set package 'fishbot_navigation2' build argument 'cmake_force_configure' from command line to 'False'
[0.841s] Level 5:colcon.colcon_core.verb:set package 'fishbot_navigation2' build argument 'ament_cmake_args' from command line to 'None'
[0.841s] Level 5:colcon.colcon_core.verb:set package 'fishbot_navigation2' build argument 'catkin_cmake_args' from command line to 'None'
[0.841s] Level 5:colcon.colcon_core.verb:set package 'fishbot_navigation2' build argument 'catkin_skip_building_tests' from command line to 'False'
[0.841s] DEBUG:colcon.colcon_core.verb:Building package 'fishbot_navigation2' with the following arguments: {'ament_cmake_args': None, 'build_base': '/home/jingyan/fishbot_ws/build/fishbot_navigation2', 'catkin_cmake_args': None, 'catkin_skip_building_tests': False, 'cmake_args': None, 'cmake_clean_cache': False, 'cmake_clean_first': False, 'cmake_force_configure': False, 'cmake_target': None, 'cmake_target_skip_unavailable': False, 'install_base': '/home/jingyan/fishbot_ws/install/fishbot_navigation2', 'merge_install': False, 'path': '/home/jingyan/fishbot_ws/fishbot_navigation2', 'symlink_install': False, 'test_result_base': None}
[0.841s] INFO:colcon.colcon_core.executor:Executing jobs using 'parallel' executor
[0.848s] DEBUG:colcon.colcon_parallel_executor.executor.parallel:run_until_complete
[0.848s] INFO:colcon.colcon_ros.task.ament_cmake.build:Building ROS package in '/home/jingyan/fishbot_ws/fishbot_cartographer' with build type 'ament_cmake'
[0.848s] INFO:colcon.colcon_cmake.task.cmake.build:Building CMake package in '/home/jingyan/fishbot_ws/fishbot_cartographer'
[0.854s] INFO:colcon.colcon_core.plugin_system:Skipping extension 'colcon_core.shell.bat': Not used on non-Windows systems
[0.855s] INFO:colcon.colcon_core.shell:Skip shell extension 'powershell' for command environment: Not usable outside of PowerShell
[0.855s] DEBUG:colcon.colcon_core.shell:Skip shell extension 'dsv' for command environment
[0.866s] INFO:colcon.colcon_ros.task.ament_python.build:Building ROS package in '/home/jingyan/fishbot_ws/fishbot_description' with build type 'ament_python'
[0.867s] Level 1:colcon.colcon_core.shell:create_environment_hook('fishbot_description', 'ament_prefix_path')
[0.869s] INFO:colcon.colcon_core.shell:Creating environment hook '/home/jingyan/fishbot_ws/install/fishbot_description/share/fishbot_description/hook/ament_prefix_path.ps1'
[0.871s] INFO:colcon.colcon_core.shell:Creating environment descriptor '/home/jingyan/fishbot_ws/install/fishbot_description/share/fishbot_description/hook/ament_prefix_path.dsv'
[0.872s] INFO:colcon.colcon_core.shell:Creating environment hook '/home/jingyan/fishbot_ws/install/fishbot_description/share/fishbot_description/hook/ament_prefix_path.sh'
[0.875s] INFO:colcon.colcon_core.shell:Skip shell extension 'powershell' for command environment: Not usable outside of PowerShell
[0.875s] DEBUG:colcon.colcon_core.shell:Skip shell extension 'dsv' for command environment
[0.886s] INFO:colcon.colcon_ros.task.ament_cmake.build:Building ROS package in '/home/jingyan/fishbot_ws/fishbot_navigation2' with build type 'ament_cmake'
[0.886s] INFO:colcon.colcon_cmake.task.cmake.build:Building CMake package in '/home/jingyan/fishbot_ws/fishbot_navigation2'
[0.889s] INFO:colcon.colcon_core.shell:Skip shell extension 'powershell' for command environment: Not usable outside of PowerShell
[0.889s] DEBUG:colcon.colcon_core.shell:Skip shell extension 'dsv' for command environment
[0.913s] DEBUG:colcon.colcon_core.event_handler.log_command:Invoking command in '/home/jingyan/fishbot_ws/build/fishbot_cartographer': CMAKE_PREFIX_PATH=${CMAKE_PREFIX_PATH}:/home/jingyan/fishbot_ws/install/fishbot_description:/opt/ros/foxy /usr/bin/cmake --build /home/jingyan/fishbot_ws/build/fishbot_cartographer -- -j16 -l16
[1.374s] INFO:colcon.colcon_core.task.python.build:Building Python package in '/home/jingyan/fishbot_ws/fishbot_description'
[1.378s] INFO:colcon.colcon_core.shell:Skip shell extension 'powershell' for command environment: Not usable outside of PowerShell
[1.378s] DEBUG:colcon.colcon_core.shell:Skip shell extension 'dsv' for command environment
[1.404s] DEBUG:colcon.colcon_core.event_handler.log_command:Invoking command in '/home/jingyan/fishbot_ws/build/fishbot_navigation2': CMAKE_PREFIX_PATH=${CMAKE_PREFIX_PATH}:/home/jingyan/fishbot_ws/install/fishbot_description:/opt/ros/foxy /usr/bin/cmake --build /home/jingyan/fishbot_ws/build/fishbot_navigation2 -- -j16 -l16
[1.407s] DEBUG:colcon.colcon_core.event_handler.log_command:Invoked command in '/home/jingyan/fishbot_ws/build/fishbot_cartographer' returned '0': CMAKE_PREFIX_PATH=${CMAKE_PREFIX_PATH}:/home/jingyan/fishbot_ws/install/fishbot_description:/opt/ros/foxy /usr/bin/cmake --build /home/jingyan/fishbot_ws/build/fishbot_cartographer -- -j16 -l16
[1.466s] DEBUG:colcon.colcon_core.event_handler.log_command:Invoking command in '/home/jingyan/fishbot_ws/build/fishbot_cartographer': CMAKE_PREFIX_PATH=${CMAKE_PREFIX_PATH}:/home/jingyan/fishbot_ws/install/fishbot_description:/opt/ros/foxy /usr/bin/cmake --install /home/jingyan/fishbot_ws/build/fishbot_cartographer
[1.470s] DEBUG:colcon.colcon_core.event_handler.log_command:Invoked command in '/home/jingyan/fishbot_ws/build/fishbot_navigation2' returned '0': CMAKE_PREFIX_PATH=${CMAKE_PREFIX_PATH}:/home/jingyan/fishbot_ws/install/fishbot_description:/opt/ros/foxy /usr/bin/cmake --build /home/jingyan/fishbot_ws/build/fishbot_navigation2 -- -j16 -l16
[1.485s] Level 1:colcon.colcon_core.environment:create_environment_scripts_only(fishbot_cartographer)
[1.488s] DEBUG:colcon.colcon_core.event_handler.log_command:Invoked command in '/home/jingyan/fishbot_ws/build/fishbot_cartographer' returned '0': CMAKE_PREFIX_PATH=${CMAKE_PREFIX_PATH}:/home/jingyan/fishbot_ws/install/fishbot_description:/opt/ros/foxy /usr/bin/cmake --install /home/jingyan/fishbot_ws/build/fishbot_cartographer
[1.498s] Level 1:colcon.colcon_core.environment:checking '/home/jingyan/fishbot_ws/install/fishbot_cartographer' for CMake module files
[1.499s] Level 1:colcon.colcon_core.environment:checking '/home/jingyan/fishbot_ws/install/fishbot_cartographer' for CMake config files
[1.500s] Level 1:colcon.colcon_core.shell:create_environment_hook('fishbot_cartographer', 'cmake_prefix_path')
[1.503s] INFO:colcon.colcon_core.shell:Creating environment hook '/home/jingyan/fishbot_ws/install/fishbot_cartographer/share/fishbot_cartographer/hook/cmake_prefix_path.ps1'
[1.504s] INFO:colcon.colcon_core.shell:Creating environment descriptor '/home/jingyan/fishbot_ws/install/fishbot_cartographer/share/fishbot_cartographer/hook/cmake_prefix_path.dsv'
[1.504s] INFO:colcon.colcon_core.shell:Creating environment hook '/home/jingyan/fishbot_ws/install/fishbot_cartographer/share/fishbot_cartographer/hook/cmake_prefix_path.sh'
[1.505s] Level 1:colcon.colcon_core.environment:checking '/home/jingyan/fishbot_ws/install/fishbot_cartographer/bin'
[1.505s] Level 1:colcon.colcon_core.environment:checking '/home/jingyan/fishbot_ws/install/fishbot_cartographer/lib/pkgconfig/fishbot_cartographer.pc'
[1.505s] Level 1:colcon.colcon_core.environment:checking '/home/jingyan/fishbot_ws/install/fishbot_cartographer/lib/python3.8/site-packages'
[1.506s] Level 1:colcon.colcon_core.environment:checking '/home/jingyan/fishbot_ws/install/fishbot_cartographer/bin'
[1.508s] INFO:colcon.colcon_core.shell:Creating package script '/home/jingyan/fishbot_ws/install/fishbot_cartographer/share/fishbot_cartographer/package.ps1'
[1.509s] INFO:colcon.colcon_core.shell:Creating package descriptor '/home/jingyan/fishbot_ws/install/fishbot_cartographer/share/fishbot_cartographer/package.dsv'
[1.510s] INFO:colcon.colcon_core.shell:Creating package script '/home/jingyan/fishbot_ws/install/fishbot_cartographer/share/fishbot_cartographer/package.sh'
[1.511s] INFO:colcon.colcon_core.shell:Creating package script '/home/jingyan/fishbot_ws/install/fishbot_cartographer/share/fishbot_cartographer/package.bash'
[1.511s] INFO:colcon.colcon_core.shell:Creating package script '/home/jingyan/fishbot_ws/install/fishbot_cartographer/share/fishbot_cartographer/package.zsh'
[1.512s] Level 1:colcon.colcon_core.environment:create_file_with_runtime_dependencies(/home/jingyan/fishbot_ws/install/fishbot_cartographer/share/colcon-core/packages/fishbot_cartographer)
[1.524s] DEBUG:colcon.colcon_core.event_handler.log_command:Invoking command in '/home/jingyan/fishbot_ws/build/fishbot_navigation2': CMAKE_PREFIX_PATH=${CMAKE_PREFIX_PATH}:/home/jingyan/fishbot_ws/install/fishbot_description:/opt/ros/foxy /usr/bin/cmake --install /home/jingyan/fishbot_ws/build/fishbot_navigation2
[1.546s] Level 1:colcon.colcon_core.environment:create_environment_scripts_only(fishbot_navigation2)
[1.552s] Level 1:colcon.colcon_core.environment:checking '/home/jingyan/fishbot_ws/install/fishbot_navigation2' for CMake module files
[1.553s] DEBUG:colcon.colcon_core.event_handler.log_command:Invoked command in '/home/jingyan/fishbot_ws/build/fishbot_navigation2' returned '0': CMAKE_PREFIX_PATH=${CMAKE_PREFIX_PATH}:/home/jingyan/fishbot_ws/install/fishbot_description:/opt/ros/foxy /usr/bin/cmake --install /home/jingyan/fishbot_ws/build/fishbot_navigation2
[1.554s] Level 1:colcon.colcon_core.environment:checking '/home/jingyan/fishbot_ws/install/fishbot_navigation2' for CMake config files
[1.554s] Level 1:colcon.colcon_core.shell:create_environment_hook('fishbot_navigation2', 'cmake_prefix_path')
[1.556s] INFO:colcon.colcon_core.shell:Creating environment hook '/home/jingyan/fishbot_ws/install/fishbot_navigation2/share/fishbot_navigation2/hook/cmake_prefix_path.ps1'
[1.557s] INFO:colcon.colcon_core.shell:Creating environment descriptor '/home/jingyan/fishbot_ws/install/fishbot_navigation2/share/fishbot_navigation2/hook/cmake_prefix_path.dsv'
[1.557s] INFO:colcon.colcon_core.shell:Creating environment hook '/home/jingyan/fishbot_ws/install/fishbot_navigation2/share/fishbot_navigation2/hook/cmake_prefix_path.sh'
[1.558s] Level 1:colcon.colcon_core.environment:checking '/home/jingyan/fishbot_ws/install/fishbot_navigation2/bin'
[1.558s] Level 1:colcon.colcon_core.environment:checking '/home/jingyan/fishbot_ws/install/fishbot_navigation2/lib/pkgconfig/fishbot_navigation2.pc'
[1.558s] Level 1:colcon.colcon_core.environment:checking '/home/jingyan/fishbot_ws/install/fishbot_navigation2/lib/python3.8/site-packages'
[1.558s] Level 1:colcon.colcon_core.environment:checking '/home/jingyan/fishbot_ws/install/fishbot_navigation2/bin'
[1.561s] INFO:colcon.colcon_core.shell:Creating package script '/home/jingyan/fishbot_ws/install/fishbot_navigation2/share/fishbot_navigation2/package.ps1'
[1.561s] INFO:colcon.colcon_core.shell:Creating package descriptor '/home/jingyan/fishbot_ws/install/fishbot_navigation2/share/fishbot_navigation2/package.dsv'
[1.562s] INFO:colcon.colcon_core.shell:Creating package script '/home/jingyan/fishbot_ws/install/fishbot_navigation2/share/fishbot_navigation2/package.sh'
[1.562s] INFO:colcon.colcon_core.shell:Creating package script '/home/jingyan/fishbot_ws/install/fishbot_navigation2/share/fishbot_navigation2/package.bash'
[1.563s] INFO:colcon.colcon_core.shell:Creating package script '/home/jingyan/fishbot_ws/install/fishbot_navigation2/share/fishbot_navigation2/package.zsh'
[1.563s] Level 1:colcon.colcon_core.environment:create_file_with_runtime_dependencies(/home/jingyan/fishbot_ws/install/fishbot_navigation2/share/colcon-core/packages/fishbot_navigation2)
[1.572s] Level 1:colcon.colcon_core.environment:create_environment_scripts_only(fishbot_cartographer)
[1.575s] Level 1:colcon.colcon_core.environment:checking '/home/jingyan/fishbot_ws/install/fishbot_cartographer' for CMake module files
[1.576s] Level 1:colcon.colcon_core.environment:checking '/home/jingyan/fishbot_ws/install/fishbot_cartographer' for CMake config files
[1.576s] Level 1:colcon.colcon_core.shell:create_environment_hook('fishbot_cartographer', 'cmake_prefix_path')
[1.578s] INFO:colcon.colcon_core.shell:Creating environment hook '/home/jingyan/fishbot_ws/install/fishbot_cartographer/share/fishbot_cartographer/hook/cmake_prefix_path.ps1'
[1.578s] INFO:colcon.colcon_core.shell:Creating environment descriptor '/home/jingyan/fishbot_ws/install/fishbot_cartographer/share/fishbot_cartographer/hook/cmake_prefix_path.dsv'
[1.579s] INFO:colcon.colcon_core.shell:Creating environment hook '/home/jingyan/fishbot_ws/install/fishbot_cartographer/share/fishbot_cartographer/hook/cmake_prefix_path.sh'
[1.579s] Level 1:colcon.colcon_core.environment:checking '/home/jingyan/fishbot_ws/install/fishbot_cartographer/bin'
[1.579s] Level 1:colcon.colcon_core.environment:checking '/home/jingyan/fishbot_ws/install/fishbot_cartographer/lib/pkgconfig/fishbot_cartographer.pc'
[1.580s] Level 1:colcon.colcon_core.environment:checking '/home/jingyan/fishbot_ws/install/fishbot_cartographer/lib/python3.8/site-packages'
[1.580s] Level 1:colcon.colcon_core.environment:checking '/home/jingyan/fishbot_ws/install/fishbot_cartographer/bin'
[1.582s] INFO:colcon.colcon_core.shell:Creating package script '/home/jingyan/fishbot_ws/install/fishbot_cartographer/share/fishbot_cartographer/package.ps1'
[1.583s] INFO:colcon.colcon_core.shell:Creating package descriptor '/home/jingyan/fishbot_ws/install/fishbot_cartographer/share/fishbot_cartographer/package.dsv'
[1.583s] INFO:colcon.colcon_core.shell:Creating package script '/home/jingyan/fishbot_ws/install/fishbot_cartographer/share/fishbot_cartographer/package.sh'
[1.584s] INFO:colcon.colcon_core.shell:Creating package script '/home/jingyan/fishbot_ws/install/fishbot_cartographer/share/fishbot_cartographer/package.bash'
[1.585s] INFO:colcon.colcon_core.shell:Creating package script '/home/jingyan/fishbot_ws/install/fishbot_cartographer/share/fishbot_cartographer/package.zsh'
[1.585s] Level 1:colcon.colcon_core.environment:create_file_with_runtime_dependencies(/home/jingyan/fishbot_ws/install/fishbot_cartographer/share/colcon-core/packages/fishbot_cartographer)
[1.601s] Level 1:colcon.colcon_core.environment:create_environment_scripts_only(fishbot_navigation2)
[1.605s] Level 1:colcon.colcon_core.environment:checking '/home/jingyan/fishbot_ws/install/fishbot_navigation2' for CMake module files
[1.606s] Level 1:colcon.colcon_core.environment:checking '/home/jingyan/fishbot_ws/install/fishbot_navigation2' for CMake config files
[1.606s] Level 1:colcon.colcon_core.shell:create_environment_hook('fishbot_navigation2', 'cmake_prefix_path')
[1.609s] INFO:colcon.colcon_core.shell:Creating environment hook '/home/jingyan/fishbot_ws/install/fishbot_navigation2/share/fishbot_navigation2/hook/cmake_prefix_path.ps1'
[1.609s] INFO:colcon.colcon_core.shell:Creating environment descriptor '/home/jingyan/fishbot_ws/install/fishbot_navigation2/share/fishbot_navigation2/hook/cmake_prefix_path.dsv'
[1.610s] INFO:colcon.colcon_core.shell:Creating environment hook '/home/jingyan/fishbot_ws/install/fishbot_navigation2/share/fishbot_navigation2/hook/cmake_prefix_path.sh'
[1.610s] Level 1:colcon.colcon_core.environment:checking '/home/jingyan/fishbot_ws/install/fishbot_navigation2/bin'
[1.610s] Level 1:colcon.colcon_core.environment:checking '/home/jingyan/fishbot_ws/install/fishbot_navigation2/lib/pkgconfig/fishbot_navigation2.pc'
[1.611s] Level 1:colcon.colcon_core.environment:checking '/home/jingyan/fishbot_ws/install/fishbot_navigation2/lib/python3.8/site-packages'
[1.611s] Level 1:colcon.colcon_core.environment:checking '/home/jingyan/fishbot_ws/install/fishbot_navigation2/bin'
[1.613s] INFO:colcon.colcon_core.shell:Creating package script '/home/jingyan/fishbot_ws/install/fishbot_navigation2/share/fishbot_navigation2/package.ps1'
[1.613s] INFO:colcon.colcon_core.shell:Creating package descriptor '/home/jingyan/fishbot_ws/install/fishbot_navigation2/share/fishbot_navigation2/package.dsv'
[1.614s] INFO:colcon.colcon_core.shell:Creating package script '/home/jingyan/fishbot_ws/install/fishbot_navigation2/share/fishbot_navigation2/package.sh'
[1.614s] INFO:colcon.colcon_core.shell:Creating package script '/home/jingyan/fishbot_ws/install/fishbot_navigation2/share/fishbot_navigation2/package.bash'
[1.615s] INFO:colcon.colcon_core.shell:Creating package script '/home/jingyan/fishbot_ws/install/fishbot_navigation2/share/fishbot_navigation2/package.zsh'
[1.615s] Level 1:colcon.colcon_core.environment:create_file_with_runtime_dependencies(/home/jingyan/fishbot_ws/install/fishbot_navigation2/share/colcon-core/packages/fishbot_navigation2)
[2.316s] DEBUG:colcon.colcon_core.event_handler.log_command:Invoking command in '/home/jingyan/fishbot_ws/fishbot_description': PYTHONPATH=/home/jingyan/fishbot_ws/install/fishbot_description/lib/python3.8/site-packages:${PYTHONPATH} /usr/bin/python3 setup.py egg_info --egg-base ../build/fishbot_description build --build-base /home/jingyan/fishbot_ws/build/fishbot_description/build install --prefix /home/jingyan/fishbot_ws/install/fishbot_description --record /home/jingyan/fishbot_ws/build/fishbot_description/install.log --single-version-externally-managed
[2.954s] Level 1:colcon.colcon_core.environment:checking '/home/jingyan/fishbot_ws/install/fishbot_description' for CMake module files
[2.955s] DEBUG:colcon.colcon_core.event_handler.log_command:Invoked command in '/home/jingyan/fishbot_ws/fishbot_description' returned '0': PYTHONPATH=/home/jingyan/fishbot_ws/install/fishbot_description/lib/python3.8/site-packages:${PYTHONPATH} /usr/bin/python3 setup.py egg_info --egg-base ../build/fishbot_description build --build-base /home/jingyan/fishbot_ws/build/fishbot_description/build install --prefix /home/jingyan/fishbot_ws/install/fishbot_description --record /home/jingyan/fishbot_ws/build/fishbot_description/install.log --single-version-externally-managed
[2.955s] Level 1:colcon.colcon_core.environment:checking '/home/jingyan/fishbot_ws/install/fishbot_description' for CMake config files
[2.956s] Level 1:colcon.colcon_core.environment:checking '/home/jingyan/fishbot_ws/install/fishbot_description/lib'
[2.956s] Level 1:colcon.colcon_core.environment:checking '/home/jingyan/fishbot_ws/install/fishbot_description/bin'
[2.956s] Level 1:colcon.colcon_core.environment:checking '/home/jingyan/fishbot_ws/install/fishbot_description/lib/pkgconfig/fishbot_description.pc'
[2.957s] Level 1:colcon.colcon_core.environment:checking '/home/jingyan/fishbot_ws/install/fishbot_description/lib/python3.8/site-packages'
[2.957s] Level 1:colcon.colcon_core.shell:create_environment_hook('fishbot_description', 'pythonpath')
[2.959s] INFO:colcon.colcon_core.shell:Creating environment hook '/home/jingyan/fishbot_ws/install/fishbot_description/share/fishbot_description/hook/pythonpath.ps1'
[2.959s] INFO:colcon.colcon_core.shell:Creating environment descriptor '/home/jingyan/fishbot_ws/install/fishbot_description/share/fishbot_description/hook/pythonpath.dsv'
[2.960s] INFO:colcon.colcon_core.shell:Creating environment hook '/home/jingyan/fishbot_ws/install/fishbot_description/share/fishbot_description/hook/pythonpath.sh'
[2.960s] Level 1:colcon.colcon_core.environment:checking '/home/jingyan/fishbot_ws/install/fishbot_description/bin'
[2.960s] Level 1:colcon.colcon_core.environment:create_environment_scripts_only(fishbot_description)
[2.962s] INFO:colcon.colcon_core.shell:Creating package script '/home/jingyan/fishbot_ws/install/fishbot_description/share/fishbot_description/package.ps1'
[2.963s] INFO:colcon.colcon_core.shell:Creating package descriptor '/home/jingyan/fishbot_ws/install/fishbot_description/share/fishbot_description/package.dsv'
[2.963s] INFO:colcon.colcon_core.shell:Creating package script '/home/jingyan/fishbot_ws/install/fishbot_description/share/fishbot_description/package.sh'
[2.964s] INFO:colcon.colcon_core.shell:Creating package script '/home/jingyan/fishbot_ws/install/fishbot_description/share/fishbot_description/package.bash'
[2.964s] INFO:colcon.colcon_core.shell:Creating package script '/home/jingyan/fishbot_ws/install/fishbot_description/share/fishbot_description/package.zsh'
[2.964s] Level 1:colcon.colcon_core.environment:create_file_with_runtime_dependencies(/home/jingyan/fishbot_ws/install/fishbot_description/share/colcon-core/packages/fishbot_description)
[2.965s] DEBUG:colcon.colcon_parallel_executor.executor.parallel:closing loop
[2.965s] DEBUG:colcon.colcon_parallel_executor.executor.parallel:loop closed
[2.965s] DEBUG:colcon.colcon_parallel_executor.executor.parallel:run_until_complete finished with '0'
[2.965s] DEBUG:colcon.colcon_core.event_reactor:joining thread
[2.973s] INFO:colcon.colcon_core.plugin_system:Skipping extension 'colcon_notification.desktop_notification.terminal_notifier': Not used on non-Darwin systems
[2.974s] INFO:colcon.colcon_core.plugin_system:Skipping extension 'colcon_notification.desktop_notification.win32': Not used on non-Windows systems
[2.974s] INFO:colcon.colcon_notification.desktop_notification:Sending desktop notification using 'notify2'
[2.996s] DEBUG:colcon.colcon_core.event_reactor:joined thread
[3.000s] INFO:colcon.colcon_core.shell:Creating prefix script '/home/jingyan/fishbot_ws/install/local_setup.ps1'
[3.002s] INFO:colcon.colcon_core.shell:Creating prefix util module '/home/jingyan/fishbot_ws/install/_local_setup_util_ps1.py'
[3.004s] INFO:colcon.colcon_core.shell:Creating prefix chain script '/home/jingyan/fishbot_ws/install/setup.ps1'
[3.006s] INFO:colcon.colcon_core.shell:Creating prefix script '/home/jingyan/fishbot_ws/install/local_setup.sh'
[3.006s] INFO:colcon.colcon_core.shell:Creating prefix util module '/home/jingyan/fishbot_ws/install/_local_setup_util_sh.py'
[3.007s] INFO:colcon.colcon_core.shell:Creating prefix chain script '/home/jingyan/fishbot_ws/install/setup.sh'
[3.009s] INFO:colcon.colcon_core.shell:Creating prefix script '/home/jingyan/fishbot_ws/install/local_setup.bash'
[3.009s] INFO:colcon.colcon_core.shell:Creating prefix chain script '/home/jingyan/fishbot_ws/install/setup.bash'
[3.011s] INFO:colcon.colcon_core.shell:Creating prefix script '/home/jingyan/fishbot_ws/install/local_setup.zsh'
[3.011s] INFO:colcon.colcon_core.shell:Creating prefix chain script '/home/jingyan/fishbot_ws/install/setup.zsh'
