[0.315s] Invoking command in '/home/jingyan/fishbot_ws/build/fishbot_navigation2': CMAKE_PREFIX_PATH=${CMAKE_PREFIX_PATH}:/home/jingyan/fishbot_ws/install/fishbot_description:/opt/ros/foxy /usr/bin/cmake --build /home/jingyan/fishbot_ws/build/fishbot_navigation2 -- -j16 -l16
[0.361s] Invoked command in '/home/jingyan/fishbot_ws/build/fishbot_navigation2' returned '0': CMAKE_PREFIX_PATH=${CMAKE_PREFIX_PATH}:/home/jingyan/fishbot_ws/install/fishbot_description:/opt/ros/foxy /usr/bin/cmake --build /home/jingyan/fishbot_ws/build/fishbot_navigation2 -- -j16 -l16
[0.398s] Invoking command in '/home/jingyan/fishbot_ws/build/fishbot_navigation2': CMAKE_PREFIX_PATH=${CMAKE_PREFIX_PATH}:/home/jingyan/fishbot_ws/install/fishbot_description:/opt/ros/foxy /usr/bin/cmake --install /home/jingyan/fishbot_ws/build/fishbot_navigation2
[0.410s] -- Install configuration: ""
[0.411s] -- Up-to-date: /home/jingyan/fishbot_ws/install/fishbot_navigation2/share/fishbot_navigation2/launch
[0.411s] -- Up-to-date: /home/jingyan/fishbot_ws/install/fishbot_navigation2/share/fishbot_navigation2/launch/navigation2.launch.py
[0.411s] -- Up-to-date: /home/jingyan/fishbot_ws/install/fishbot_navigation2/share/fishbot_navigation2/launch/navigation2
[0.411s] -- Up-to-date: /home/jingyan/fishbot_ws/install/fishbot_navigation2/share/fishbot_navigation2/param
[0.411s] -- Up-to-date: /home/jingyan/fishbot_ws/install/fishbot_navigation2/share/fishbot_navigation2/param/fishbot_nav2.yaml
[0.411s] -- Up-to-date: /home/jingyan/fishbot_ws/install/fishbot_navigation2/share/fishbot_navigation2/maps
[0.411s] -- Up-to-date: /home/jingyan/fishbot_ws/install/fishbot_navigation2/share/fishbot_navigation2/maps/fishbot_map.yaml
[0.412s] -- Up-to-date: /home/jingyan/fishbot_ws/install/fishbot_navigation2/share/fishbot_navigation2/maps/square_map.yaml
[0.412s] -- Up-to-date: /home/jingyan/fishbot_ws/install/fishbot_navigation2/share/fishbot_navigation2/maps/square_map.pgm
[0.412s] -- Up-to-date: /home/jingyan/fishbot_ws/install/fishbot_navigation2/share/fishbot_navigation2/maps/fishbot_map.pgm
[0.412s] -- Up-to-date: /home/jingyan/fishbot_ws/install/fishbot_navigation2/share/ament_index/resource_index/package_run_dependencies/fishbot_navigation2
[0.412s] -- Up-to-date: /home/jingyan/fishbot_ws/install/fishbot_navigation2/share/ament_index/resource_index/parent_prefix_path/fishbot_navigation2
[0.412s] -- Up-to-date: /home/jingyan/fishbot_ws/install/fishbot_navigation2/share/fishbot_navigation2/environment/ament_prefix_path.sh
[0.412s] -- Up-to-date: /home/jingyan/fishbot_ws/install/fishbot_navigation2/share/fishbot_navigation2/environment/ament_prefix_path.dsv
[0.413s] -- Up-to-date: /home/jingyan/fishbot_ws/install/fishbot_navigation2/share/fishbot_navigation2/environment/path.sh
[0.413s] -- Up-to-date: /home/jingyan/fishbot_ws/install/fishbot_navigation2/share/fishbot_navigation2/environment/path.dsv
[0.413s] -- Up-to-date: /home/jingyan/fishbot_ws/install/fishbot_navigation2/share/fishbot_navigation2/local_setup.bash
[0.413s] -- Up-to-date: /home/jingyan/fishbot_ws/install/fishbot_navigation2/share/fishbot_navigation2/local_setup.sh
[0.413s] -- Up-to-date: /home/jingyan/fishbot_ws/install/fishbot_navigation2/share/fishbot_navigation2/local_setup.zsh
[0.413s] -- Up-to-date: /home/jingyan/fishbot_ws/install/fishbot_navigation2/share/fishbot_navigation2/local_setup.dsv
[0.413s] -- Installing: /home/jingyan/fishbot_ws/install/fishbot_navigation2/share/fishbot_navigation2/package.dsv
[0.413s] -- Up-to-date: /home/jingyan/fishbot_ws/install/fishbot_navigation2/share/ament_index/resource_index/packages/fishbot_navigation2
[0.414s] -- Up-to-date: /home/jingyan/fishbot_ws/install/fishbot_navigation2/share/fishbot_navigation2/cmake/fishbot_navigation2Config.cmake
[0.414s] -- Up-to-date: /home/jingyan/fishbot_ws/install/fishbot_navigation2/share/fishbot_navigation2/cmake/fishbot_navigation2Config-version.cmake
[0.414s] -- Up-to-date: /home/jingyan/fishbot_ws/install/fishbot_navigation2/share/fishbot_navigation2/package.xml
[0.422s] Invoked command in '/home/jingyan/fishbot_ws/build/fishbot_navigation2' returned '0': CMAKE_PREFIX_PATH=${CMAKE_PREFIX_PATH}:/home/jingyan/fishbot_ws/install/fishbot_description:/opt/ros/foxy /usr/bin/cmake --install /home/jingyan/fishbot_ws/build/fishbot_navigation2
