[0.048s] Invoking command in '/home/jingyan/fishbot_ws/build/fishbot_cartographer': CMAKE_PREFIX_PATH=/opt/ros/foxy /usr/bin/cmake --build /home/jingyan/fishbot_ws/build/fishbot_cartographer -- -j16 -l16
[0.597s] Invoked command in '/home/jingyan/fishbot_ws/build/fishbot_cartographer' returned '0': CMAKE_PREFIX_PATH=/opt/ros/foxy /usr/bin/cmake --build /home/jingyan/fishbot_ws/build/fishbot_cartographer -- -j16 -l16
[0.658s] Invoking command in '/home/jingyan/fishbot_ws/build/fishbot_cartographer': CMAKE_PREFIX_PATH=/opt/ros/foxy /usr/bin/cmake --install /home/jingyan/fishbot_ws/build/fishbot_cartographer
[0.674s] -- Install configuration: ""
[0.675s] -- Up-to-date: /home/jingyan/fishbot_ws/install/fishbot_cartographer/share/fishbot_cartographer/config
[0.675s] -- Up-to-date: /home/jingyan/fishbot_ws/install/fishbot_cartographer/share/fishbot_cartographer/config/handhold.lua
[0.675s] -- Up-to-date: /home/jingyan/fishbot_ws/install/fishbot_cartographer/share/fishbot_cartographer/config/fishbot_2d.lua
[0.675s] -- Up-to-date: /home/jingyan/fishbot_ws/install/fishbot_cartographer/share/fishbot_cartographer/launch
[0.676s] -- Up-to-date: /home/jingyan/fishbot_ws/install/fishbot_cartographer/share/fishbot_cartographer/launch/cartographer.launch.py
[0.676s] -- Up-to-date: /home/jingyan/fishbot_ws/install/fishbot_cartographer/share/fishbot_cartographer/rviz
[0.676s] -- Up-to-date: /home/jingyan/fishbot_ws/install/fishbot_cartographer/share/ament_index/resource_index/package_run_dependencies/fishbot_cartographer
[0.676s] -- Up-to-date: /home/jingyan/fishbot_ws/install/fishbot_cartographer/share/ament_index/resource_index/parent_prefix_path/fishbot_cartographer
[0.676s] -- Up-to-date: /home/jingyan/fishbot_ws/install/fishbot_cartographer/share/fishbot_cartographer/environment/ament_prefix_path.sh
[0.677s] -- Up-to-date: /home/jingyan/fishbot_ws/install/fishbot_cartographer/share/fishbot_cartographer/environment/ament_prefix_path.dsv
[0.677s] -- Up-to-date: /home/jingyan/fishbot_ws/install/fishbot_cartographer/share/fishbot_cartographer/environment/path.sh
[0.677s] -- Up-to-date: /home/jingyan/fishbot_ws/install/fishbot_cartographer/share/fishbot_cartographer/environment/path.dsv
[0.678s] -- Up-to-date: /home/jingyan/fishbot_ws/install/fishbot_cartographer/share/fishbot_cartographer/local_setup.bash
[0.678s] -- Up-to-date: /home/jingyan/fishbot_ws/install/fishbot_cartographer/share/fishbot_cartographer/local_setup.sh
[0.678s] -- Up-to-date: /home/jingyan/fishbot_ws/install/fishbot_cartographer/share/fishbot_cartographer/local_setup.zsh
[0.678s] -- Up-to-date: /home/jingyan/fishbot_ws/install/fishbot_cartographer/share/fishbot_cartographer/local_setup.dsv
[0.679s] -- Installing: /home/jingyan/fishbot_ws/install/fishbot_cartographer/share/fishbot_cartographer/package.dsv
[0.679s] -- Up-to-date: /home/jingyan/fishbot_ws/install/fishbot_cartographer/share/ament_index/resource_index/packages/fishbot_cartographer
[0.679s] -- Up-to-date: /home/jingyan/fishbot_ws/install/fishbot_cartographer/share/fishbot_cartographer/cmake/fishbot_cartographerConfig.cmake
[0.679s] -- Up-to-date: /home/jingyan/fishbot_ws/install/fishbot_cartographer/share/fishbot_cartographer/cmake/fishbot_cartographerConfig-version.cmake
[0.679s] -- Up-to-date: /home/jingyan/fishbot_ws/install/fishbot_cartographer/share/fishbot_cartographer/package.xml
[0.681s] Invoked command in '/home/jingyan/fishbot_ws/build/fishbot_cartographer' returned '0': CMAKE_PREFIX_PATH=/opt/ros/foxy /usr/bin/cmake --install /home/jingyan/fishbot_ws/build/fishbot_cartographer
