[0.262s] DEBUG:colcon:Command line arguments: ['/usr/bin/colcon', 'build']
[0.262s] DEBUG:colcon:Parsed command line arguments: Namespace(allow_overriding=[], ament_cmake_args=None, base_paths=['.'], build_base='build', catkin_cmake_args=None, catkin_skip_building_tests=False, cmake_args=None, cmake_clean_cache=False, cmake_clean_first=False, cmake_force_configure=False, cmake_target=None, cmake_target_skip_unavailable=False, continue_on_error=False, event_handlers=None, executor='parallel', ignore_user_meta=False, install_base='install', log_base=None, log_level=None, main=<bound method BuildVerb.main of <colcon_core.verb.build.BuildVerb object at 0x7f3167fa21f0>>, merge_install=False, metas=['./colcon.meta'], packages_above=None, packages_above_and_dependencies=None, packages_above_depth=None, packages_end=None, packages_ignore=None, packages_ignore_regex=None, packages_select=None, packages_select_build_failed=False, packages_select_by_dep=None, packages_select_regex=None, packages_select_test_failures=False, packages_skip=None, packages_skip_build_finished=False, packages_skip_by_dep=None, packages_skip_regex=None, packages_skip_test_passed=False, packages_skip_up_to=None, packages_start=None, packages_up_to=None, packages_up_to_regex=None, parallel_workers=16, paths=None, symlink_install=False, test_result_base=None, verb_extension=<colcon_core.verb.build.BuildVerb object at 0x7f3167fa21f0>, verb_name='build', verb_parser=<colcon_defaults.argument_parser.defaults.DefaultArgumentsDecorator object at 0x7f3167f06490>)
[0.304s] Level 1:colcon.colcon_core.package_discovery:discover_packages(colcon_meta) check parameters
[0.305s] Level 1:colcon.colcon_core.package_discovery:discover_packages(recursive) check parameters
[0.305s] Level 1:colcon.colcon_core.package_discovery:discover_packages(ignore) check parameters
[0.305s] Level 1:colcon.colcon_core.package_discovery:discover_packages(path) check parameters
[0.305s] Level 1:colcon.colcon_core.package_discovery:discover_packages(colcon_meta) discover
[0.305s] Level 1:colcon.colcon_core.package_discovery:discover_packages(recursive) discover
[0.305s] INFO:colcon.colcon_core.package_discovery:Crawling recursively for packages in '/home/jingyan/fishbot_ws'
[0.305s] Level 1:colcon.colcon_core.package_identification:_identify(.) by extensions ['ignore', 'ignore_ament_install']
[0.305s] Level 1:colcon.colcon_core.package_identification:_identify(.) by extension 'ignore'
[0.305s] Level 1:colcon.colcon_core.package_identification:_identify(.) by extension 'ignore_ament_install'
[0.305s] Level 1:colcon.colcon_core.package_identification:_identify(.) by extensions ['colcon_pkg']
[0.305s] Level 1:colcon.colcon_core.package_identification:_identify(.) by extension 'colcon_pkg'
[0.305s] Level 1:colcon.colcon_core.package_identification:_identify(.) by extensions ['colcon_meta']
[0.305s] Level 1:colcon.colcon_core.package_identification:_identify(.) by extension 'colcon_meta'
[0.305s] Level 1:colcon.colcon_core.package_identification:_identify(.) by extensions ['ros']
[0.305s] Level 1:colcon.colcon_core.package_identification:_identify(.) by extension 'ros'
[0.315s] Level 1:colcon.colcon_core.package_identification:_identify(.) by extensions ['cmake', 'python']
[0.315s] Level 1:colcon.colcon_core.package_identification:_identify(.) by extension 'cmake'
[0.315s] Level 1:colcon.colcon_core.package_identification:_identify(.) by extension 'python'
[0.315s] Level 1:colcon.colcon_core.package_identification:_identify(.) by extensions ['python_setup_py']
[0.315s] Level 1:colcon.colcon_core.package_identification:_identify(.) by extension 'python_setup_py'
[0.315s] Level 1:colcon.colcon_core.package_identification:_identify(build) by extensions ['ignore', 'ignore_ament_install']
[0.315s] Level 1:colcon.colcon_core.package_identification:_identify(build) by extension 'ignore'
[0.315s] Level 1:colcon.colcon_core.package_identification:_identify(build) ignored
[0.315s] Level 1:colcon.colcon_core.package_identification:_identify(fishbot_description) by extensions ['ignore', 'ignore_ament_install']
[0.315s] Level 1:colcon.colcon_core.package_identification:_identify(fishbot_description) by extension 'ignore'
[0.315s] Level 1:colcon.colcon_core.package_identification:_identify(fishbot_description) by extension 'ignore_ament_install'
[0.315s] Level 1:colcon.colcon_core.package_identification:_identify(fishbot_description) by extensions ['colcon_pkg']
[0.315s] Level 1:colcon.colcon_core.package_identification:_identify(fishbot_description) by extension 'colcon_pkg'
[0.315s] Level 1:colcon.colcon_core.package_identification:_identify(fishbot_description) by extensions ['colcon_meta']
[0.315s] Level 1:colcon.colcon_core.package_identification:_identify(fishbot_description) by extension 'colcon_meta'
[0.315s] Level 1:colcon.colcon_core.package_identification:_identify(fishbot_description) by extensions ['ros']
[0.315s] Level 1:colcon.colcon_core.package_identification:_identify(fishbot_description) by extension 'ros'
[0.317s] DEBUG:colcon.colcon_core.package_identification:Package 'fishbot_description' with type 'ros.ament_python' and name 'fishbot_description'
[0.317s] Level 1:colcon.colcon_core.package_identification:_identify(install) by extensions ['ignore', 'ignore_ament_install']
[0.317s] Level 1:colcon.colcon_core.package_identification:_identify(install) by extension 'ignore'
[0.317s] Level 1:colcon.colcon_core.package_identification:_identify(install) ignored
[0.317s] Level 1:colcon.colcon_core.package_identification:_identify(log) by extensions ['ignore', 'ignore_ament_install']
[0.317s] Level 1:colcon.colcon_core.package_identification:_identify(log) by extension 'ignore'
[0.317s] Level 1:colcon.colcon_core.package_identification:_identify(log) ignored
[0.317s] Level 1:colcon.colcon_core.package_discovery:discover_packages(recursive) using defaults
[0.317s] Level 1:colcon.colcon_core.package_discovery:discover_packages(ignore) discover
[0.317s] Level 1:colcon.colcon_core.package_discovery:discover_packages(ignore) using defaults
[0.318s] Level 1:colcon.colcon_core.package_discovery:discover_packages(path) discover
[0.318s] Level 1:colcon.colcon_core.package_discovery:discover_packages(path) using defaults
[0.334s] Level 1:colcon.colcon_core.package_discovery:discover_packages(prefix_path) check parameters
[0.334s] Level 1:colcon.colcon_core.package_discovery:discover_packages(prefix_path) discover
[0.336s] DEBUG:colcon.colcon_installed_package_information.package_discovery:Found 1 installed packages in /home/jingyan/fishbot_ws/install
[0.338s] DEBUG:colcon.colcon_installed_package_information.package_discovery:Found 267 installed packages in /opt/ros/foxy
[0.339s] Level 1:colcon.colcon_core.package_discovery:discover_packages(prefix_path) using defaults
[0.389s] Level 5:colcon.colcon_core.verb:set package 'fishbot_description' build argument 'cmake_args' from command line to 'None'
[0.389s] Level 5:colcon.colcon_core.verb:set package 'fishbot_description' build argument 'cmake_target' from command line to 'None'
[0.389s] Level 5:colcon.colcon_core.verb:set package 'fishbot_description' build argument 'cmake_target_skip_unavailable' from command line to 'False'
[0.389s] Level 5:colcon.colcon_core.verb:set package 'fishbot_description' build argument 'cmake_clean_cache' from command line to 'False'
[0.389s] Level 5:colcon.colcon_core.verb:set package 'fishbot_description' build argument 'cmake_clean_first' from command line to 'False'
[0.389s] Level 5:colcon.colcon_core.verb:set package 'fishbot_description' build argument 'cmake_force_configure' from command line to 'False'
[0.389s] Level 5:colcon.colcon_core.verb:set package 'fishbot_description' build argument 'ament_cmake_args' from command line to 'None'
[0.389s] Level 5:colcon.colcon_core.verb:set package 'fishbot_description' build argument 'catkin_cmake_args' from command line to 'None'
[0.389s] Level 5:colcon.colcon_core.verb:set package 'fishbot_description' build argument 'catkin_skip_building_tests' from command line to 'False'
[0.389s] DEBUG:colcon.colcon_core.verb:Building package 'fishbot_description' with the following arguments: {'ament_cmake_args': None, 'build_base': '/home/jingyan/fishbot_ws/build/fishbot_description', 'catkin_cmake_args': None, 'catkin_skip_building_tests': False, 'cmake_args': None, 'cmake_clean_cache': False, 'cmake_clean_first': False, 'cmake_force_configure': False, 'cmake_target': None, 'cmake_target_skip_unavailable': False, 'install_base': '/home/jingyan/fishbot_ws/install/fishbot_description', 'merge_install': False, 'path': '/home/jingyan/fishbot_ws/fishbot_description', 'symlink_install': False, 'test_result_base': None}
[0.390s] INFO:colcon.colcon_core.executor:Executing jobs using 'parallel' executor
[0.393s] DEBUG:colcon.colcon_parallel_executor.executor.parallel:run_until_complete
[0.393s] INFO:colcon.colcon_ros.task.ament_python.build:Building ROS package in '/home/jingyan/fishbot_ws/fishbot_description' with build type 'ament_python'
[0.394s] Level 1:colcon.colcon_core.shell:create_environment_hook('fishbot_description', 'ament_prefix_path')
[0.397s] INFO:colcon.colcon_core.plugin_system:Skipping extension 'colcon_core.shell.bat': Not used on non-Windows systems
[0.397s] INFO:colcon.colcon_core.shell:Creating environment hook '/home/jingyan/fishbot_ws/install/fishbot_description/share/fishbot_description/hook/ament_prefix_path.ps1'
[0.398s] INFO:colcon.colcon_core.shell:Creating environment descriptor '/home/jingyan/fishbot_ws/install/fishbot_description/share/fishbot_description/hook/ament_prefix_path.dsv'
[0.398s] INFO:colcon.colcon_core.shell:Creating environment hook '/home/jingyan/fishbot_ws/install/fishbot_description/share/fishbot_description/hook/ament_prefix_path.sh'
[0.400s] INFO:colcon.colcon_core.shell:Skip shell extension 'powershell' for command environment: Not usable outside of PowerShell
[0.400s] DEBUG:colcon.colcon_core.shell:Skip shell extension 'dsv' for command environment
[0.666s] INFO:colcon.colcon_core.task.python.build:Building Python package in '/home/jingyan/fishbot_ws/fishbot_description'
[0.669s] INFO:colcon.colcon_core.shell:Skip shell extension 'powershell' for command environment: Not usable outside of PowerShell
[0.669s] DEBUG:colcon.colcon_core.shell:Skip shell extension 'dsv' for command environment
[1.181s] DEBUG:colcon.colcon_core.event_handler.log_command:Invoking command in '/home/jingyan/fishbot_ws/fishbot_description': PYTHONPATH=/home/jingyan/fishbot_ws/install/fishbot_description/lib/python3.8/site-packages:${PYTHONPATH} /usr/bin/python3 setup.py egg_info --egg-base ../build/fishbot_description build --build-base /home/jingyan/fishbot_ws/build/fishbot_description/build install --prefix /home/jingyan/fishbot_ws/install/fishbot_description --record /home/jingyan/fishbot_ws/build/fishbot_description/install.log --single-version-externally-managed
[1.591s] DEBUG:colcon.colcon_core.event_handler.log_command:Invoked command in '/home/jingyan/fishbot_ws/fishbot_description' returned '0': PYTHONPATH=/home/jingyan/fishbot_ws/install/fishbot_description/lib/python3.8/site-packages:${PYTHONPATH} /usr/bin/python3 setup.py egg_info --egg-base ../build/fishbot_description build --build-base /home/jingyan/fishbot_ws/build/fishbot_description/build install --prefix /home/jingyan/fishbot_ws/install/fishbot_description --record /home/jingyan/fishbot_ws/build/fishbot_description/install.log --single-version-externally-managed
[1.601s] Level 1:colcon.colcon_core.environment:checking '/home/jingyan/fishbot_ws/install/fishbot_description' for CMake module files
[1.602s] Level 1:colcon.colcon_core.environment:checking '/home/jingyan/fishbot_ws/install/fishbot_description' for CMake config files
[1.603s] Level 1:colcon.colcon_core.environment:checking '/home/jingyan/fishbot_ws/install/fishbot_description/lib'
[1.603s] Level 1:colcon.colcon_core.environment:checking '/home/jingyan/fishbot_ws/install/fishbot_description/bin'
[1.603s] Level 1:colcon.colcon_core.environment:checking '/home/jingyan/fishbot_ws/install/fishbot_description/lib/pkgconfig/fishbot_description.pc'
[1.603s] Level 1:colcon.colcon_core.environment:checking '/home/jingyan/fishbot_ws/install/fishbot_description/lib/python3.8/site-packages'
[1.603s] Level 1:colcon.colcon_core.shell:create_environment_hook('fishbot_description', 'pythonpath')
[1.605s] INFO:colcon.colcon_core.shell:Creating environment hook '/home/jingyan/fishbot_ws/install/fishbot_description/share/fishbot_description/hook/pythonpath.ps1'
[1.605s] INFO:colcon.colcon_core.shell:Creating environment descriptor '/home/jingyan/fishbot_ws/install/fishbot_description/share/fishbot_description/hook/pythonpath.dsv'
[1.605s] INFO:colcon.colcon_core.shell:Creating environment hook '/home/jingyan/fishbot_ws/install/fishbot_description/share/fishbot_description/hook/pythonpath.sh'
[1.606s] Level 1:colcon.colcon_core.environment:checking '/home/jingyan/fishbot_ws/install/fishbot_description/bin'
[1.606s] Level 1:colcon.colcon_core.environment:create_environment_scripts_only(fishbot_description)
[1.607s] INFO:colcon.colcon_core.shell:Creating package script '/home/jingyan/fishbot_ws/install/fishbot_description/share/fishbot_description/package.ps1'
[1.607s] INFO:colcon.colcon_core.shell:Creating package descriptor '/home/jingyan/fishbot_ws/install/fishbot_description/share/fishbot_description/package.dsv'
[1.608s] INFO:colcon.colcon_core.shell:Creating package script '/home/jingyan/fishbot_ws/install/fishbot_description/share/fishbot_description/package.sh'
[1.608s] INFO:colcon.colcon_core.shell:Creating package script '/home/jingyan/fishbot_ws/install/fishbot_description/share/fishbot_description/package.bash'
[1.609s] INFO:colcon.colcon_core.shell:Creating package script '/home/jingyan/fishbot_ws/install/fishbot_description/share/fishbot_description/package.zsh'
[1.609s] Level 1:colcon.colcon_core.environment:create_file_with_runtime_dependencies(/home/jingyan/fishbot_ws/install/fishbot_description/share/colcon-core/packages/fishbot_description)
[1.610s] DEBUG:colcon.colcon_parallel_executor.executor.parallel:closing loop
[1.610s] DEBUG:colcon.colcon_parallel_executor.executor.parallel:loop closed
[1.610s] DEBUG:colcon.colcon_parallel_executor.executor.parallel:run_until_complete finished with '0'
[1.610s] DEBUG:colcon.colcon_core.event_reactor:joining thread
[1.619s] INFO:colcon.colcon_core.plugin_system:Skipping extension 'colcon_notification.desktop_notification.terminal_notifier': Not used on non-Darwin systems
[1.620s] INFO:colcon.colcon_core.plugin_system:Skipping extension 'colcon_notification.desktop_notification.win32': Not used on non-Windows systems
[1.620s] INFO:colcon.colcon_notification.desktop_notification:Sending desktop notification using 'notify2'
[1.644s] DEBUG:colcon.colcon_core.event_reactor:joined thread
[1.648s] INFO:colcon.colcon_core.shell:Creating prefix script '/home/jingyan/fishbot_ws/install/local_setup.ps1'
[1.650s] INFO:colcon.colcon_core.shell:Creating prefix util module '/home/jingyan/fishbot_ws/install/_local_setup_util_ps1.py'
[1.652s] INFO:colcon.colcon_core.shell:Creating prefix chain script '/home/jingyan/fishbot_ws/install/setup.ps1'
[1.654s] INFO:colcon.colcon_core.shell:Creating prefix script '/home/jingyan/fishbot_ws/install/local_setup.sh'
[1.654s] INFO:colcon.colcon_core.shell:Creating prefix util module '/home/jingyan/fishbot_ws/install/_local_setup_util_sh.py'
[1.655s] INFO:colcon.colcon_core.shell:Creating prefix chain script '/home/jingyan/fishbot_ws/install/setup.sh'
[1.656s] INFO:colcon.colcon_core.shell:Creating prefix script '/home/jingyan/fishbot_ws/install/local_setup.bash'
[1.656s] INFO:colcon.colcon_core.shell:Creating prefix chain script '/home/jingyan/fishbot_ws/install/setup.bash'
[1.657s] INFO:colcon.colcon_core.shell:Creating prefix script '/home/jingyan/fishbot_ws/install/local_setup.zsh'
[1.657s] INFO:colcon.colcon_core.shell:Creating prefix chain script '/home/jingyan/fishbot_ws/install/setup.zsh'
