[0.024s] Invoking command in '/home/jingyan/fishbot_ws/build/fishbot_cartographer': CMAKE_PREFIX_PATH=/opt/ros/foxy /usr/bin/cmake /home/jingyan/fishbot_ws/fishbot_cartographer -DCMAKE_INSTALL_PREFIX=/home/jingyan/fishbot_ws/install/fishbot_cartographer
[0.302s] -- The C compiler identification is GNU 9.4.0
[0.302s] -- The CXX compiler identification is GNU 9.4.0
[0.302s] -- Check for working C compiler: /usr/bin/cc
[0.302s] -- Check for working C compiler: /usr/bin/cc -- works
[0.302s] -- Detecting C compiler ABI info
[0.347s] -- Detecting C compiler ABI info - done
[0.355s] -- Detecting C compile features
[0.355s] -- Detecting C compile features - done
[0.357s] -- Check for working CXX compiler: /usr/bin/c++
[0.448s] -- Check for working CXX compiler: /usr/bin/c++ -- works
[0.450s] -- Detecting CXX compiler ABI info
[0.556s] -- Detecting CXX compiler ABI info - done
[0.570s] -- Detecting CXX compile features
[0.570s] -- Detecting CXX compile features - done
[0.572s] -- Found ament_cmake: 0.9.11 (/opt/ros/foxy/share/ament_cmake/cmake)
[0.594s] -- Found PythonInterp: /usr/bin/python3 (found suitable version "3.8.10", minimum required is "3") 
[0.595s] -- Using PYTHON_EXECUTABLE: /usr/bin/python3
[0.769s] -- Found ament_lint_auto: 0.9.7 (/opt/ros/foxy/share/ament_lint_auto/cmake)
[0.834s] -- Added test 'copyright' to check source files copyright and LICENSE
[0.835s] -- Added test 'flake8' to check Python code syntax and style conventions
[0.836s] -- Added test 'lint_cmake' to check CMake code style
[0.836s] -- Added test 'pep257' to check Python code against some of the style conventions in PEP 257
[0.837s] -- Added test 'xmllint' to check XML markup files
[0.838s] -- Configuring done
[0.840s] -- Generating done
[0.841s] -- Build files have been written to: /home/jingyan/fishbot_ws/build/fishbot_cartographer
[0.843s] Invoked command in '/home/jingyan/fishbot_ws/build/fishbot_cartographer' returned '0': CMAKE_PREFIX_PATH=/opt/ros/foxy /usr/bin/cmake /home/jingyan/fishbot_ws/fishbot_cartographer -DCMAKE_INSTALL_PREFIX=/home/jingyan/fishbot_ws/install/fishbot_cartographer
[0.846s] Invoking command in '/home/jingyan/fishbot_ws/build/fishbot_cartographer': CMAKE_PREFIX_PATH=/opt/ros/foxy /usr/bin/cmake --build /home/jingyan/fishbot_ws/build/fishbot_cartographer -- -j16 -l16
[0.888s] Invoked command in '/home/jingyan/fishbot_ws/build/fishbot_cartographer' returned '0': CMAKE_PREFIX_PATH=/opt/ros/foxy /usr/bin/cmake --build /home/jingyan/fishbot_ws/build/fishbot_cartographer -- -j16 -l16
[0.934s] Invoking command in '/home/jingyan/fishbot_ws/build/fishbot_cartographer': CMAKE_PREFIX_PATH=/opt/ros/foxy /usr/bin/cmake --install /home/jingyan/fishbot_ws/build/fishbot_cartographer
[0.940s] -- Install configuration: ""
[0.940s] -- Up-to-date: /home/jingyan/fishbot_ws/install/fishbot_cartographer/share/fishbot_cartographer/config
[0.940s] -- Installing: /home/jingyan/fishbot_ws/install/fishbot_cartographer/share/fishbot_cartographer/config/fishbot_2d.lua
[0.940s] -- Up-to-date: /home/jingyan/fishbot_ws/install/fishbot_cartographer/share/fishbot_cartographer/launch
[0.940s] -- Installing: /home/jingyan/fishbot_ws/install/fishbot_cartographer/share/fishbot_cartographer/launch/cartographer.launch.py
[0.940s] -- Up-to-date: /home/jingyan/fishbot_ws/install/fishbot_cartographer/share/fishbot_cartographer/rviz
[0.941s] -- Up-to-date: /home/jingyan/fishbot_ws/install/fishbot_cartographer/share/ament_index/resource_index/package_run_dependencies/fishbot_cartographer
[0.941s] -- Up-to-date: /home/jingyan/fishbot_ws/install/fishbot_cartographer/share/ament_index/resource_index/parent_prefix_path/fishbot_cartographer
[0.941s] -- Up-to-date: /home/jingyan/fishbot_ws/install/fishbot_cartographer/share/fishbot_cartographer/environment/ament_prefix_path.sh
[0.941s] -- Installing: /home/jingyan/fishbot_ws/install/fishbot_cartographer/share/fishbot_cartographer/environment/ament_prefix_path.dsv
[0.941s] -- Up-to-date: /home/jingyan/fishbot_ws/install/fishbot_cartographer/share/fishbot_cartographer/environment/path.sh
[0.941s] -- Installing: /home/jingyan/fishbot_ws/install/fishbot_cartographer/share/fishbot_cartographer/environment/path.dsv
[0.942s] -- Up-to-date: /home/jingyan/fishbot_ws/install/fishbot_cartographer/share/fishbot_cartographer/local_setup.bash
[0.942s] -- Up-to-date: /home/jingyan/fishbot_ws/install/fishbot_cartographer/share/fishbot_cartographer/local_setup.sh
[0.942s] -- Up-to-date: /home/jingyan/fishbot_ws/install/fishbot_cartographer/share/fishbot_cartographer/local_setup.zsh
[0.942s] -- Installing: /home/jingyan/fishbot_ws/install/fishbot_cartographer/share/fishbot_cartographer/local_setup.dsv
[0.942s] -- Installing: /home/jingyan/fishbot_ws/install/fishbot_cartographer/share/fishbot_cartographer/package.dsv
[0.942s] -- Up-to-date: /home/jingyan/fishbot_ws/install/fishbot_cartographer/share/ament_index/resource_index/packages/fishbot_cartographer
[0.943s] -- Up-to-date: /home/jingyan/fishbot_ws/install/fishbot_cartographer/share/fishbot_cartographer/cmake/fishbot_cartographerConfig.cmake
[0.943s] -- Up-to-date: /home/jingyan/fishbot_ws/install/fishbot_cartographer/share/fishbot_cartographer/cmake/fishbot_cartographerConfig-version.cmake
[0.943s] -- Installing: /home/jingyan/fishbot_ws/install/fishbot_cartographer/share/fishbot_cartographer/package.xml
[0.944s] Invoked command in '/home/jingyan/fishbot_ws/build/fishbot_cartographer' returned '0': CMAKE_PREFIX_PATH=/opt/ros/foxy /usr/bin/cmake --install /home/jingyan/fishbot_ws/build/fishbot_cartographer
