/usr/local/lib/python3.8/dist-packages/setuptools/dist.py:771: UserWarning: Usage of dash-separated 'script-dir' will not be supported in future versions. Please use the underscore name 'script_dir' instead
  warnings.warn(
/usr/local/lib/python3.8/dist-packages/setuptools/dist.py:771: UserWarning: Usage of dash-separated 'install-scripts' will not be supported in future versions. Please use the underscore name 'install_scripts' instead
  warnings.warn(
running egg_info
creating ../build/fishbot_description/fishbot_description.egg-info
writing ../build/fishbot_description/fishbot_description.egg-info/PKG-INFO
writing dependency_links to ../build/fishbot_description/fishbot_description.egg-info/dependency_links.txt
writing requirements to ../build/fishbot_description/fishbot_description.egg-info/requires.txt
writing top-level names to ../build/fishbot_description/fishbot_description.egg-info/top_level.txt
writing manifest file '../build/fishbot_description/fishbot_description.egg-info/SOURCES.txt'
reading manifest file '../build/fishbot_description/fishbot_description.egg-info/SOURCES.txt'
writing manifest file '../build/fishbot_description/fishbot_description.egg-info/SOURCES.txt'
running build
running build_py
creating /home/jingyan/fishbot_ws/build/fishbot_description/build
creating /home/jingyan/fishbot_ws/build/fishbot_description/build/lib
creating /home/jingyan/fishbot_ws/build/fishbot_description/build/lib/fishbot_description
copying fishbot_description/__init__.py -> /home/jingyan/fishbot_ws/build/fishbot_description/build/lib/fishbot_description
/usr/local/lib/python3.8/dist-packages/setuptools/command/install.py:34: SetuptoolsDeprecationWarning: setup.py install is deprecated. Use build and pip and other standards-based tools.
  warnings.warn(
running install
running install_lib
creating /home/jingyan/fishbot_ws/install/fishbot_description/lib/python3.8/site-packages/fishbot_description
copying /home/jingyan/fishbot_ws/build/fishbot_description/build/lib/fishbot_description/__init__.py -> /home/jingyan/fishbot_ws/install/fishbot_description/lib/python3.8/site-packages/fishbot_description
byte-compiling /home/jingyan/fishbot_ws/install/fishbot_description/lib/python3.8/site-packages/fishbot_description/__init__.py to __init__.cpython-38.pyc
running install_data
creating /home/jingyan/fishbot_ws/install/fishbot_description/share/ament_index
creating /home/jingyan/fishbot_ws/install/fishbot_description/share/ament_index/resource_index
creating /home/jingyan/fishbot_ws/install/fishbot_description/share/ament_index/resource_index/packages
copying resource/fishbot_description -> /home/jingyan/fishbot_ws/install/fishbot_description/share/ament_index/resource_index/packages
copying package.xml -> /home/jingyan/fishbot_ws/install/fishbot_description/share/fishbot_description
creating /home/jingyan/fishbot_ws/install/fishbot_description/share/fishbot_description/launch
copying launch/display_rviz2.launch.py -> /home/jingyan/fishbot_ws/install/fishbot_description/share/fishbot_description/launch
creating /home/jingyan/fishbot_ws/install/fishbot_description/share/fishbot_description/urdf
copying urdf/fishbot_base.urdf -> /home/jingyan/fishbot_ws/install/fishbot_description/share/fishbot_description/urdf
running install_egg_info
Copying ../build/fishbot_description/fishbot_description.egg-info to /home/jingyan/fishbot_ws/install/fishbot_description/lib/python3.8/site-packages/fishbot_description-0.0.0-py3.8.egg-info
running install_scripts
writing list of installed files to '/home/jingyan/fishbot_ws/build/fishbot_description/install.log'
