[0.841s] Invoking command in '/home/jingyan/fishbot_ws/fishbot_description': PYTHONPATH=/home/jingyan/fishbot_ws/install/fishbot_description/lib/python3.8/site-packages:${PYTHONPATH} /usr/bin/python3 setup.py egg_info --egg-base ../build/fishbot_description build --build-base /home/jingyan/fishbot_ws/build/fishbot_description/build install --prefix /home/jingyan/fishbot_ws/install/fishbot_description --record /home/jingyan/fishbot_ws/build/fishbot_description/install.log --single-version-externally-managed
[1.053s] /usr/local/lib/python3.8/dist-packages/setuptools/dist.py:771: UserWarning: Usage of dash-separated 'script-dir' will not be supported in future versions. Please use the underscore name 'script_dir' instead
[1.054s]   warnings.warn(
[1.054s] /usr/local/lib/python3.8/dist-packages/setuptools/dist.py:771: UserWarning: Usage of dash-separated 'install-scripts' will not be supported in future versions. Please use the underscore name 'install_scripts' instead
[1.054s]   warnings.warn(
[1.106s] running egg_info
[1.107s] creating ../build/fishbot_description/fishbot_description.egg-info
[1.117s] writing ../build/fishbot_description/fishbot_description.egg-info/PKG-INFO
[1.118s] writing dependency_links to ../build/fishbot_description/fishbot_description.egg-info/dependency_links.txt
[1.118s] writing requirements to ../build/fishbot_description/fishbot_description.egg-info/requires.txt
[1.118s] writing top-level names to ../build/fishbot_description/fishbot_description.egg-info/top_level.txt
[1.121s] writing manifest file '../build/fishbot_description/fishbot_description.egg-info/SOURCES.txt'
[1.137s] reading manifest file '../build/fishbot_description/fishbot_description.egg-info/SOURCES.txt'
[1.138s] writing manifest file '../build/fishbot_description/fishbot_description.egg-info/SOURCES.txt'
[1.138s] running build
[1.138s] running build_py
[1.138s] creating /home/jingyan/fishbot_ws/build/fishbot_description/build
[1.138s] creating /home/jingyan/fishbot_ws/build/fishbot_description/build/lib
[1.139s] creating /home/jingyan/fishbot_ws/build/fishbot_description/build/lib/fishbot_description
[1.139s] copying fishbot_description/__init__.py -> /home/jingyan/fishbot_ws/build/fishbot_description/build/lib/fishbot_description
[1.139s] /usr/local/lib/python3.8/dist-packages/setuptools/command/install.py:34: SetuptoolsDeprecationWarning: setup.py install is deprecated. Use build and pip and other standards-based tools.
[1.139s]   warnings.warn(
[1.139s] running install
[1.147s] running install_lib
[1.156s] creating /home/jingyan/fishbot_ws/install/fishbot_description/lib/python3.8/site-packages/fishbot_description
[1.156s] copying /home/jingyan/fishbot_ws/build/fishbot_description/build/lib/fishbot_description/__init__.py -> /home/jingyan/fishbot_ws/install/fishbot_description/lib/python3.8/site-packages/fishbot_description
[1.156s] byte-compiling /home/jingyan/fishbot_ws/install/fishbot_description/lib/python3.8/site-packages/fishbot_description/__init__.py to __init__.cpython-38.pyc
[1.157s] running install_data
[1.167s] creating /home/jingyan/fishbot_ws/install/fishbot_description/share/ament_index
[1.167s] creating /home/jingyan/fishbot_ws/install/fishbot_description/share/ament_index/resource_index
[1.168s] creating /home/jingyan/fishbot_ws/install/fishbot_description/share/ament_index/resource_index/packages
[1.168s] copying resource/fishbot_description -> /home/jingyan/fishbot_ws/install/fishbot_description/share/ament_index/resource_index/packages
[1.168s] copying package.xml -> /home/jingyan/fishbot_ws/install/fishbot_description/share/fishbot_description
[1.168s] creating /home/jingyan/fishbot_ws/install/fishbot_description/share/fishbot_description/launch
[1.168s] copying launch/display_rviz2.launch.py -> /home/jingyan/fishbot_ws/install/fishbot_description/share/fishbot_description/launch
[1.168s] creating /home/jingyan/fishbot_ws/install/fishbot_description/share/fishbot_description/urdf
[1.168s] copying urdf/fishbot_base.urdf -> /home/jingyan/fishbot_ws/install/fishbot_description/share/fishbot_description/urdf
[1.168s] running install_egg_info
[1.177s] Copying ../build/fishbot_description/fishbot_description.egg-info to /home/jingyan/fishbot_ws/install/fishbot_description/lib/python3.8/site-packages/fishbot_description-0.0.0-py3.8.egg-info
[1.177s] running install_scripts
[1.222s] writing list of installed files to '/home/jingyan/fishbot_ws/build/fishbot_description/install.log'
[1.262s] Invoked command in '/home/jingyan/fishbot_ws/fishbot_description' returned '0': PYTHONPATH=/home/jingyan/fishbot_ws/install/fishbot_description/lib/python3.8/site-packages:${PYTHONPATH} /usr/bin/python3 setup.py egg_info --egg-base ../build/fishbot_description build --build-base /home/jingyan/fishbot_ws/build/fishbot_description/build install --prefix /home/jingyan/fishbot_ws/install/fishbot_description --record /home/jingyan/fishbot_ws/build/fishbot_description/install.log --single-version-externally-managed
