[1.185s] Invoking command in '/home/jingyan/fishbot_ws/fishbot_description': PYTHONPATH=/home/jingyan/fishbot_ws/install/fishbot_description/lib/python3.8/site-packages:${PYTHONPATH} /usr/bin/python3 setup.py egg_info --egg-base ../build/fishbot_description build --build-base /home/jingyan/fishbot_ws/build/fishbot_description/build install --prefix /home/jingyan/fishbot_ws/install/fishbot_description --record /home/jingyan/fishbot_ws/build/fishbot_description/install.log --single-version-externally-managed
[1.492s] /usr/local/lib/python3.8/dist-packages/setuptools/dist.py:771: UserWarning: Usage of dash-separated 'script-dir' will not be supported in future versions. Please use the underscore name 'script_dir' instead
[1.493s]   warnings.warn(
[1.493s] /usr/local/lib/python3.8/dist-packages/setuptools/dist.py:771: UserWarning: Usage of dash-separated 'install-scripts' will not be supported in future versions. Please use the underscore name 'install_scripts' instead
[1.493s]   warnings.warn(
[1.587s] running egg_info
[1.601s] writing ../build/fishbot_description/fishbot_description.egg-info/PKG-INFO
[1.601s] writing dependency_links to ../build/fishbot_description/fishbot_description.egg-info/dependency_links.txt
[1.601s] writing requirements to ../build/fishbot_description/fishbot_description.egg-info/requires.txt
[1.602s] writing top-level names to ../build/fishbot_description/fishbot_description.egg-info/top_level.txt
[1.630s] reading manifest file '../build/fishbot_description/fishbot_description.egg-info/SOURCES.txt'
[1.631s] writing manifest file '../build/fishbot_description/fishbot_description.egg-info/SOURCES.txt'
[1.632s] running build
[1.632s] running build_py
[1.632s] running install
[1.632s] /usr/local/lib/python3.8/dist-packages/setuptools/command/install.py:34: SetuptoolsDeprecationWarning: setup.py install is deprecated. Use build and pip and other standards-based tools.
[1.633s]   warnings.warn(
[1.640s] running install_lib
[1.655s] running install_data
[1.668s] running install_egg_info
[1.682s] removing '/home/jingyan/fishbot_ws/install/fishbot_description/lib/python3.8/site-packages/fishbot_description-0.0.0-py3.8.egg-info' (and everything under it)
[1.682s] Copying ../build/fishbot_description/fishbot_description.egg-info to /home/jingyan/fishbot_ws/install/fishbot_description/lib/python3.8/site-packages/fishbot_description-0.0.0-py3.8.egg-info
[1.683s] running install_scripts
[1.755s] writing list of installed files to '/home/jingyan/fishbot_ws/build/fishbot_description/install.log'
[1.813s] Invoked command in '/home/jingyan/fishbot_ws/fishbot_description' returned '0': PYTHONPATH=/home/jingyan/fishbot_ws/install/fishbot_description/lib/python3.8/site-packages:${PYTHONPATH} /usr/bin/python3 setup.py egg_info --egg-base ../build/fishbot_description build --build-base /home/jingyan/fishbot_ws/build/fishbot_description/build install --prefix /home/jingyan/fishbot_ws/install/fishbot_description --record /home/jingyan/fishbot_ws/build/fishbot_description/install.log --single-version-externally-managed
