[0.382s] Invoking command in '/home/jingyan/fishbot_ws/build/fishbot_navigation2': CMAKE_PREFIX_PATH=/opt/ros/foxy /usr/bin/cmake /home/jingyan/fishbot_ws/fishbot_navigation2 -DCMAKE_INSTALL_PREFIX=/home/jingyan/fishbot_ws/install/fishbot_navigation2
[0.400s] -- Found ament_cmake: 0.9.11 (/opt/ros/foxy/share/ament_cmake/cmake)
[0.423s] -- Using PYTHON_EXECUTABLE: /usr/bin/python3
[0.607s] -- Found nav2_bringup: 0.4.7 (/opt/ros/foxy/share/nav2_bringup/cmake)
[0.607s] -- Found ament_lint_auto: 0.9.7 (/opt/ros/foxy/share/ament_lint_auto/cmake)
[0.683s] -- Added test 'copyright' to check source files copyright and LICENSE
[0.685s] -- Added test 'flake8' to check Python code syntax and style conventions
[0.686s] -- Added test 'lint_cmake' to check CMake code style
[0.686s] -- Added test 'pep257' to check Python code against some of the style conventions in PEP 257
[0.687s] -- Added test 'xmllint' to check XML markup files
[0.689s] -- Configuring done
[0.690s] -- Generating done
[0.691s] -- Build files have been written to: /home/jingyan/fishbot_ws/build/fishbot_navigation2
[0.693s] Invoked command in '/home/jingyan/fishbot_ws/build/fishbot_navigation2' returned '0': CMAKE_PREFIX_PATH=/opt/ros/foxy /usr/bin/cmake /home/jingyan/fishbot_ws/fishbot_navigation2 -DCMAKE_INSTALL_PREFIX=/home/jingyan/fishbot_ws/install/fishbot_navigation2
[0.696s] Invoking command in '/home/jingyan/fishbot_ws/build/fishbot_navigation2': CMAKE_PREFIX_PATH=/opt/ros/foxy /usr/bin/cmake --build /home/jingyan/fishbot_ws/build/fishbot_navigation2 -- -j16 -l16
[0.754s] Invoked command in '/home/jingyan/fishbot_ws/build/fishbot_navigation2' returned '0': CMAKE_PREFIX_PATH=/opt/ros/foxy /usr/bin/cmake --build /home/jingyan/fishbot_ws/build/fishbot_navigation2 -- -j16 -l16
[0.788s] Invoking command in '/home/jingyan/fishbot_ws/build/fishbot_navigation2': CMAKE_PREFIX_PATH=/opt/ros/foxy /usr/bin/cmake --install /home/jingyan/fishbot_ws/build/fishbot_navigation2
[0.799s] -- Install configuration: ""
[0.799s] -- Installing: /home/jingyan/fishbot_ws/install/fishbot_navigation2/share/fishbot_navigation2/launch
[0.799s] -- Installing: /home/jingyan/fishbot_ws/install/fishbot_navigation2/share/fishbot_navigation2/launch/navigation2.launch.py
[0.799s] -- Installing: /home/jingyan/fishbot_ws/install/fishbot_navigation2/share/fishbot_navigation2/launch/navigation2
[0.799s] -- Installing: /home/jingyan/fishbot_ws/install/fishbot_navigation2/share/fishbot_navigation2/param
[0.799s] -- Installing: /home/jingyan/fishbot_ws/install/fishbot_navigation2/share/fishbot_navigation2/param/fishbot_nav2.yaml
[0.799s] -- Installing: /home/jingyan/fishbot_ws/install/fishbot_navigation2/share/fishbot_navigation2/maps
[0.800s] -- Installing: /home/jingyan/fishbot_ws/install/fishbot_navigation2/share/fishbot_navigation2/maps/fishbot_map.yaml
[0.800s] -- Installing: /home/jingyan/fishbot_ws/install/fishbot_navigation2/share/fishbot_navigation2/maps/fishbot_map.pgm
[0.800s] -- Installing: /home/jingyan/fishbot_ws/install/fishbot_navigation2/share/ament_index/resource_index/package_run_dependencies/fishbot_navigation2
[0.801s] -- Installing: /home/jingyan/fishbot_ws/install/fishbot_navigation2/share/ament_index/resource_index/parent_prefix_path/fishbot_navigation2
[0.801s] -- Installing: /home/jingyan/fishbot_ws/install/fishbot_navigation2/share/fishbot_navigation2/environment/ament_prefix_path.sh
[0.801s] -- Installing: /home/jingyan/fishbot_ws/install/fishbot_navigation2/share/fishbot_navigation2/environment/ament_prefix_path.dsv
[0.801s] -- Installing: /home/jingyan/fishbot_ws/install/fishbot_navigation2/share/fishbot_navigation2/environment/path.sh
[0.801s] -- Installing: /home/jingyan/fishbot_ws/install/fishbot_navigation2/share/fishbot_navigation2/environment/path.dsv
[0.801s] -- Installing: /home/jingyan/fishbot_ws/install/fishbot_navigation2/share/fishbot_navigation2/local_setup.bash
[0.801s] -- Installing: /home/jingyan/fishbot_ws/install/fishbot_navigation2/share/fishbot_navigation2/local_setup.sh
[0.802s] -- Installing: /home/jingyan/fishbot_ws/install/fishbot_navigation2/share/fishbot_navigation2/local_setup.zsh
[0.802s] -- Installing: /home/jingyan/fishbot_ws/install/fishbot_navigation2/share/fishbot_navigation2/local_setup.dsv
[0.802s] -- Installing: /home/jingyan/fishbot_ws/install/fishbot_navigation2/share/fishbot_navigation2/package.dsv
[0.802s] -- Installing: /home/jingyan/fishbot_ws/install/fishbot_navigation2/share/ament_index/resource_index/packages/fishbot_navigation2
[0.802s] -- Installing: /home/jingyan/fishbot_ws/install/fishbot_navigation2/share/fishbot_navigation2/cmake/fishbot_navigation2Config.cmake
[0.802s] -- Installing: /home/jingyan/fishbot_ws/install/fishbot_navigation2/share/fishbot_navigation2/cmake/fishbot_navigation2Config-version.cmake
[0.802s] -- Installing: /home/jingyan/fishbot_ws/install/fishbot_navigation2/share/fishbot_navigation2/package.xml
[0.808s] Invoked command in '/home/jingyan/fishbot_ws/build/fishbot_navigation2' returned '0': CMAKE_PREFIX_PATH=/opt/ros/foxy /usr/bin/cmake --install /home/jingyan/fishbot_ws/build/fishbot_navigation2
